#
# There is insufficient memory for the Java Runtime Environment to continue.
# Native memory allocation (malloc) failed to allocate 131088 bytes for Chunk::new
# Possible reasons:
#   The system is out of physical RAM or swap space
#   The process is running with CompressedOops enabled, and the Java Heap may be blocking the growth of the native heap
# Possible solutions:
#   Reduce memory load on the system
#   Increase physical memory or swap space
#   Check if swap backing store is full
#   Decrease Java heap size (-Xmx/-Xms)
#   Decrease number of Java threads
#   Decrease Java thread stack sizes (-Xss)
#   Set larger code cache with -XX:ReservedCodeCacheSize=
#   JVM is running with Unscaled Compressed Oops mode in which the Java heap is
#     placed in the first 4GB address space. The Java Heap base address is the
#     maximum limit for the native heap growth. Please use -XX:HeapBaseMinAddress
#     to set the Java Heap base and to place the Java Heap above 4GB virtual address.
# This output file may be truncated or incomplete.
#
#  Out of Memory Error (allocation.cpp:389), pid=5384, tid=0x0000000000000eb4
#
# JRE version: OpenJDK Runtime Environment (8.0_242-b01) (build 1.8.0_242-release-1644-b01)
# Java VM: OpenJDK 64-Bit Server VM (25.242-b01 mixed mode windows-amd64 compressed oops)
# Failed to write core dump. Minidumps are not enabled by default on client versions of Windows
#

---------------  T H R E A D  ---------------

Current thread (0x0000000017cd4000):  JavaThread "C2 CompilerThread0" daemon [_thread_in_native, id=3764, stack(0x0000000019370000,0x0000000019470000)]

Stack: [0x0000000019370000,0x0000000019470000]
[error occurred during error reporting (printing stack bounds), id 0xc0000005]

Native frames: (J=compiled Java code, j=interpreted, Vv=VM code, C=native code)


Current CompileTask:
C2: 246117 13508       4       java.lang.Class::annotationData (44 bytes)


---------------  P R O C E S S  ---------------

Java Threads: ( => current thread )
  0x0000000020f9e000 JavaThread "stdout" [_thread_in_native, id=11716, stack(0x000000002fa90000,0x000000002fb90000)]
  0x0000000020f9c800 JavaThread "stderr" [_thread_in_native, id=10180, stack(0x000000002f990000,0x000000002fa90000)]
  0x0000000020f9d000 JavaThread "stdout" [_thread_in_native, id=16156, stack(0x000000002f890000,0x000000002f990000)]
  0x0000000020fa1000 JavaThread "stderr" [_thread_in_native, id=1540, stack(0x000000002f790000,0x000000002f890000)]
  0x0000000020f95000 JavaThread "stdout" [_thread_in_native, id=1824, stack(0x000000002f2c0000,0x000000002f3c0000)]
  0x0000000020f9b800 JavaThread "stderr" [_thread_in_native, id=16800, stack(0x000000002f1c0000,0x000000002f2c0000)]
  0x0000000020f9b000 JavaThread "stdout" [_thread_in_native, id=12524, stack(0x000000002f0c0000,0x000000002f1c0000)]
  0x0000000020f9a000 JavaThread "stderr" [_thread_in_native, id=3836, stack(0x000000002efc0000,0x000000002f0c0000)]
  0x0000000020f98000 JavaThread "pool-4-thread-1" [_thread_blocked, id=12560, stack(0x000000002e840000,0x000000002e940000)]
  0x0000000020f98800 JavaThread "MarlinRenderer Disposer" daemon [_thread_blocked, id=8924, stack(0x000000002e740000,0x000000002e840000)]
  0x0000000020f92800 JavaThread "Java2D Disposer" daemon [_thread_blocked, id=13092, stack(0x000000002e640000,0x000000002e740000)]
  0x0000000020f99800 JavaThread "WorkerExecutor Queue Thread 4" [_thread_blocked, id=16832, stack(0x000000002e140000,0x000000002e240000)]
  0x0000000020f92000 JavaThread "WorkerExecutor Queue Thread 3" [_thread_blocked, id=17256, stack(0x000000002e040000,0x000000002e140000)]
  0x0000000020f95800 JavaThread "WorkerExecutor Queue Thread 2" [_thread_blocked, id=16636, stack(0x000000002df40000,0x000000002e040000)]
  0x000000001a536800 JavaThread "WorkerExecutor Queue" [_thread_blocked, id=16740, stack(0x000000002dd40000,0x000000002de40000)]
  0x000000001a535800 JavaThread "Cache worker for execution history cache (C:\Users\agbetofia\Downloads\mgl7130-gain-jam-list\mgl7130-gain-jam-list\.gradle\6.5\executionHistory)" [_thread_blocked, id=4304, stack(0x000000002da40000,0x000000002db40000)]
  0x000000001a532000 JavaThread "Execution worker for ':' Thread 3" [_thread_blocked, id=18344, stack(0x000000002b2a0000,0x000000002b3a0000)]
  0x000000001a538000 JavaThread "Execution worker for ':' Thread 2" [_thread_in_Java, id=17168, stack(0x0000000029c50000,0x0000000029d50000)]
  0x000000001a535000 JavaThread "Execution worker for ':'" [_thread_blocked, id=11516, stack(0x0000000029b50000,0x0000000029c50000)]
  0x000000001a533800 JavaThread "Cache worker for file content cache (C:\Users\agbetofia\Downloads\mgl7130-gain-jam-list\mgl7130-gain-jam-list\.gradle\6.5\fileContent)" [_thread_blocked, id=4076, stack(0x0000000029a50000,0x0000000029b50000)]
  0x000000001a537000 JavaThread "Cache worker for Build Output Cleanup Cache (C:\Users\agbetofia\Downloads\mgl7130-gain-jam-list\mgl7130-gain-jam-list\.gradle\buildOutputCleanup)" [_thread_blocked, id=19292, stack(0x0000000029950000,0x0000000029a50000)]
  0x000000001a52a000 JavaThread "jar transforms Thread 184" [_thread_blocked, id=340, stack(0x0000000029850000,0x0000000029950000)]
  0x000000001a52d000 JavaThread "jar transforms Thread 183" [_thread_blocked, id=6752, stack(0x0000000029750000,0x0000000029850000)]
  0x000000001a531000 JavaThread "jar transforms Thread 182" [_thread_blocked, id=7964, stack(0x0000000029650000,0x0000000029750000)]
  0x000000001a530800 JavaThread "jar transforms Thread 181" [_thread_blocked, id=17868, stack(0x0000000029550000,0x0000000029650000)]
  0x000000001a52c800 JavaThread "jar transforms Thread 180" [_thread_blocked, id=436, stack(0x0000000029450000,0x0000000029550000)]
  0x000000001a52e000 JavaThread "jar transforms Thread 179" [_thread_blocked, id=17264, stack(0x0000000029350000,0x0000000029450000)]
  0x000000001a52b800 JavaThread "jar transforms Thread 178" [_thread_blocked, id=17328, stack(0x0000000029250000,0x0000000029350000)]
  0x000000001a52b000 JavaThread "jar transforms Thread 177" [_thread_blocked, id=11908, stack(0x0000000029150000,0x0000000029250000)]
  0x000000001a529800 JavaThread "jar transforms Thread 176" [_thread_blocked, id=16552, stack(0x0000000029050000,0x0000000029150000)]
  0x000000001a52f000 JavaThread "jar transforms Thread 175" [_thread_blocked, id=13976, stack(0x0000000028f50000,0x0000000029050000)]
  0x000000001a52f800 JavaThread "jar transforms Thread 174" [_thread_blocked, id=12324, stack(0x0000000028e50000,0x0000000028f50000)]
  0x000000002114f800 JavaThread "jar transforms Thread 173" [_thread_blocked, id=14152, stack(0x0000000028d50000,0x0000000028e50000)]
  0x000000002114f000 JavaThread "jar transforms Thread 172" [_thread_blocked, id=9420, stack(0x0000000028c50000,0x0000000028d50000)]
  0x000000002114e000 JavaThread "jar transforms Thread 171" [_thread_blocked, id=3588, stack(0x0000000028b50000,0x0000000028c50000)]
  0x0000000021146800 JavaThread "jar transforms Thread 170" [_thread_blocked, id=19256, stack(0x0000000028a50000,0x0000000028b50000)]
  0x000000002114d800 JavaThread "jar transforms Thread 169" [_thread_blocked, id=10360, stack(0x0000000028950000,0x0000000028a50000)]
  0x000000002114c800 JavaThread "jar transforms Thread 168" [_thread_blocked, id=19408, stack(0x0000000028850000,0x0000000028950000)]
  0x000000002114c000 JavaThread "jar transforms Thread 167" [_thread_blocked, id=8108, stack(0x0000000028750000,0x0000000028850000)]
  0x0000000021145000 JavaThread "jar transforms Thread 166" [_thread_blocked, id=15776, stack(0x0000000028650000,0x0000000028750000)]
  0x0000000021144800 JavaThread "jar transforms Thread 165" [_thread_blocked, id=2116, stack(0x0000000028550000,0x0000000028650000)]
  0x000000002114b000 JavaThread "jar transforms Thread 164" [_thread_blocked, id=17824, stack(0x0000000028450000,0x0000000028550000)]
  0x000000002114a800 JavaThread "jar transforms Thread 163" [_thread_blocked, id=8152, stack(0x0000000028350000,0x0000000028450000)]
  0x0000000021146000 JavaThread "jar transforms Thread 162" [_thread_blocked, id=18796, stack(0x0000000028250000,0x0000000028350000)]
  0x0000000021149000 JavaThread "jar transforms Thread 161" [_thread_blocked, id=10668, stack(0x0000000028150000,0x0000000028250000)]
  0x0000000021149800 JavaThread "jar transforms Thread 160" [_thread_blocked, id=3176, stack(0x0000000028050000,0x0000000028150000)]
  0x0000000021143800 JavaThread "jar transforms Thread 159" [_thread_blocked, id=9896, stack(0x0000000027f50000,0x0000000028050000)]
  0x0000000021148000 JavaThread "jar transforms Thread 158" [_thread_blocked, id=16480, stack(0x0000000027e50000,0x0000000027f50000)]
  0x0000000021141800 JavaThread "jar transforms Thread 157" [_thread_blocked, id=10980, stack(0x0000000027d50000,0x0000000027e50000)]
  0x0000000021143000 JavaThread "jar transforms Thread 156" [_thread_blocked, id=10164, stack(0x0000000027c50000,0x0000000027d50000)]
  0x0000000021140800 JavaThread "jar transforms Thread 155" [_thread_blocked, id=2544, stack(0x0000000027b50000,0x0000000027c50000)]
  0x0000000021147800 JavaThread "jar transforms Thread 154" [_thread_blocked, id=3708, stack(0x0000000027a50000,0x0000000027b50000)]
  0x0000000021142000 JavaThread "jar transforms Thread 153" [_thread_blocked, id=12608, stack(0x0000000027950000,0x0000000027a50000)]
  0x000000001e86c000 JavaThread "jar transforms Thread 152" [_thread_blocked, id=7952, stack(0x0000000027850000,0x0000000027950000)]
  0x000000001e86a800 JavaThread "jar transforms Thread 151" [_thread_blocked, id=17204, stack(0x0000000027750000,0x0000000027850000)]
  0x000000001e86d000 JavaThread "jar transforms Thread 150" [_thread_blocked, id=13528, stack(0x0000000027650000,0x0000000027750000)]
  0x000000001e86a000 JavaThread "jar transforms Thread 149" [_thread_blocked, id=6784, stack(0x0000000027550000,0x0000000027650000)]
  0x000000001e86b800 JavaThread "jar transforms Thread 148" [_thread_blocked, id=18664, stack(0x0000000027450000,0x0000000027550000)]
  0x000000001e862800 JavaThread "jar transforms Thread 147" [_thread_blocked, id=19152, stack(0x0000000027350000,0x0000000027450000)]
  0x000000001e869000 JavaThread "jar transforms Thread 146" [_thread_blocked, id=11596, stack(0x0000000027250000,0x0000000027350000)]
  0x000000001e868800 JavaThread "jar transforms Thread 145" [_thread_blocked, id=8436, stack(0x0000000027150000,0x0000000027250000)]
  0x000000001e863000 JavaThread "jar transforms Thread 144" [_thread_blocked, id=18208, stack(0x0000000027050000,0x0000000027150000)]
  0x000000001e861000 JavaThread "jar transforms Thread 143" [_thread_blocked, id=17500, stack(0x0000000026f50000,0x0000000027050000)]
  0x000000001e867800 JavaThread "jar transforms Thread 142" [_thread_blocked, id=14160, stack(0x0000000026e50000,0x0000000026f50000)]
  0x000000001e867000 JavaThread "jar transforms Thread 141" [_thread_blocked, id=18732, stack(0x0000000026d50000,0x0000000026e50000)]
  0x000000001e865800 JavaThread "jar transforms Thread 140" [_thread_blocked, id=12832, stack(0x0000000026c50000,0x0000000026d50000)]
  0x000000001e864800 JavaThread "jar transforms Thread 139" [_thread_blocked, id=11756, stack(0x0000000026b50000,0x0000000026c50000)]
  0x000000001e861800 JavaThread "jar transforms Thread 138" [_thread_blocked, id=6800, stack(0x0000000026a50000,0x0000000026b50000)]
  0x000000001e866000 JavaThread "jar transforms Thread 137" [_thread_blocked, id=3660, stack(0x0000000026950000,0x0000000026a50000)]
  0x000000001e85f800 JavaThread "jar transforms Thread 136" [_thread_blocked, id=10792, stack(0x0000000026850000,0x0000000026950000)]
  0x000000001e864000 JavaThread "jar transforms Thread 135" [_thread_blocked, id=13032, stack(0x0000000026750000,0x0000000026850000)]
  0x000000001e85e800 JavaThread "jar transforms Thread 134" [_thread_blocked, id=14004, stack(0x0000000026650000,0x0000000026750000)]
  0x000000001e85e000 JavaThread "jar transforms Thread 133" [_thread_blocked, id=16044, stack(0x0000000026550000,0x0000000026650000)]
  0x000000001e860000 JavaThread "jar transforms Thread 132" [_thread_blocked, id=16560, stack(0x0000000026450000,0x0000000026550000)]
  0x000000001c3e0000 JavaThread "jar transforms Thread 131" [_thread_blocked, id=7292, stack(0x0000000026350000,0x0000000026450000)]
  0x000000001c3dd000 JavaThread "jar transforms Thread 130" [_thread_blocked, id=19340, stack(0x0000000026250000,0x0000000026350000)]
  0x000000001c3da800 JavaThread "jar transforms Thread 129" [_thread_blocked, id=16488, stack(0x0000000025f50000,0x0000000026050000)]
  0x000000001c3db800 JavaThread "jar transforms Thread 128" [_thread_blocked, id=14076, stack(0x0000000025e50000,0x0000000025f50000)]
  0x000000001c3de800 JavaThread "jar transforms Thread 127" [_thread_blocked, id=12784, stack(0x0000000025d50000,0x0000000025e50000)]
  0x000000001c3e1800 JavaThread "jar transforms Thread 126" [_thread_blocked, id=14312, stack(0x0000000025c50000,0x0000000025d50000)]
  0x000000001c3df000 JavaThread "jar transforms Thread 125" [_thread_blocked, id=17052, stack(0x0000000025b50000,0x0000000025c50000)]
  0x000000001c3e0800 JavaThread "jar transforms Thread 124" [_thread_blocked, id=19036, stack(0x0000000025a50000,0x0000000025b50000)]
  0x000000001c3dc000 JavaThread "jar transforms Thread 123" [_thread_blocked, id=16756, stack(0x0000000025950000,0x0000000025a50000)]
  0x000000001c3dd800 JavaThread "jar transforms Thread 122" [_thread_blocked, id=18520, stack(0x00000000247f0000,0x00000000248f0000)]
  0x000000001c3d3000 JavaThread "jar transforms Thread 121" [_thread_blocked, id=14980, stack(0x00000000246f0000,0x00000000247f0000)]
  0x000000001c3d3800 JavaThread "jar transforms Thread 120" [_thread_blocked, id=15788, stack(0x00000000245f0000,0x00000000246f0000)]
  0x000000001c3d4800 JavaThread "jar transforms Thread 119" [_thread_blocked, id=19452, stack(0x00000000244f0000,0x00000000245f0000)]
  0x000000001c3da000 JavaThread "jar transforms Thread 118" [_thread_blocked, id=14288, stack(0x0000000023da0000,0x0000000023ea0000)]
  0x000000001c3d2000 JavaThread "jar transforms Thread 117" [_thread_blocked, id=14800, stack(0x0000000023a80000,0x0000000023b80000)]
  0x000000001c3d9000 JavaThread "jar transforms Thread 116" [_thread_blocked, id=9448, stack(0x0000000022f80000,0x0000000023080000)]
  0x000000001c3d6800 JavaThread "jar transforms Thread 115" [_thread_blocked, id=5660, stack(0x0000000022c80000,0x0000000022d80000)]
  0x000000001c3d6000 JavaThread "jar transforms Thread 114" [_thread_blocked, id=17784, stack(0x0000000022b80000,0x0000000022c80000)]
  0x000000001c3d7800 JavaThread "jar transforms Thread 113" [_thread_blocked, id=13588, stack(0x0000000022a80000,0x0000000022b80000)]
  0x000000001c3d5000 JavaThread "jar transforms Thread 112" [_thread_blocked, id=7356, stack(0x0000000022980000,0x0000000022a80000)]
  0x000000001c3d8800 JavaThread "jar transforms Thread 111" [_thread_blocked, id=15964, stack(0x0000000022880000,0x0000000022980000)]
  0x0000000017cf0800 JavaThread "jar transforms Thread 110" [_thread_blocked, id=17016, stack(0x0000000022780000,0x0000000022880000)]
  0x0000000017cee000 JavaThread "jar transforms Thread 109" [_thread_blocked, id=14944, stack(0x0000000022580000,0x0000000022680000)]
  0x0000000017cf4000 JavaThread "jar transforms Thread 108" [_thread_blocked, id=10740, stack(0x0000000022480000,0x0000000022580000)]
  0x0000000017ced800 JavaThread "jar transforms Thread 107" [_thread_blocked, id=10484, stack(0x0000000022380000,0x0000000022480000)]
  0x0000000017cf3800 JavaThread "jar transforms Thread 106" [_thread_blocked, id=9180, stack(0x0000000022280000,0x0000000022380000)]
  0x0000000017cef800 JavaThread "jar transforms Thread 105" [_thread_blocked, id=13868, stack(0x0000000022180000,0x0000000022280000)]
  0x0000000017cf1000 JavaThread "jar transforms Thread 104" [_thread_blocked, id=9768, stack(0x0000000022080000,0x0000000022180000)]
  0x000000001bd89000 JavaThread "jar transforms Thread 103" [_thread_blocked, id=12392, stack(0x0000000021f80000,0x0000000022080000)]
  0x000000001bd87800 JavaThread "jar transforms Thread 102" [_thread_blocked, id=13228, stack(0x0000000021e80000,0x0000000021f80000)]
  0x000000001bd86800 JavaThread "jar transforms Thread 101" [_thread_blocked, id=920, stack(0x0000000021d80000,0x0000000021e80000)]
  0x000000001bd86000 JavaThread "jar transforms Thread 100" [_thread_blocked, id=124, stack(0x0000000021990000,0x0000000021a90000)]
  0x000000001bd85000 JavaThread "jar transforms Thread 99" [_thread_blocked, id=15764, stack(0x0000000020870000,0x0000000020970000)]
  0x000000001bd88000 JavaThread "jar transforms Thread 98" [_thread_blocked, id=10208, stack(0x0000000020770000,0x0000000020870000)]
  0x000000001bd84800 JavaThread "jar transforms Thread 97" [_thread_blocked, id=3496, stack(0x0000000020670000,0x0000000020770000)]
  0x000000001bd7c800 JavaThread "jar transforms Thread 96" [_thread_blocked, id=12284, stack(0x0000000020570000,0x0000000020670000)]
  0x000000001bd83800 JavaThread "jar transforms Thread 95" [_thread_blocked, id=16880, stack(0x0000000020470000,0x0000000020570000)]
  0x000000001bd83000 JavaThread "jar transforms Thread 94" [_thread_blocked, id=960, stack(0x0000000020370000,0x0000000020470000)]
  0x000000001bd82000 JavaThread "jar transforms Thread 93" [_thread_blocked, id=18976, stack(0x0000000020270000,0x0000000020370000)]
  0x000000001bd7f000 JavaThread "Build operations Thread 4" [_thread_blocked, id=18676, stack(0x0000000020170000,0x0000000020270000)]
  0x000000001bd7a800 JavaThread "Build operations Thread 3" [_thread_blocked, id=14976, stack(0x0000000020070000,0x0000000020170000)]
  0x000000001e342000 JavaThread "Build operations Thread 2" [_thread_blocked, id=9168, stack(0x000000001ed90000,0x000000001ee90000)]
  0x000000001e341000 JavaThread "Build operations" [_thread_blocked, id=14988, stack(0x000000001d7c0000,0x000000001d8c0000)]
  0x000000001e340800 JavaThread "Cache worker for cache directory md-rule (C:\Users\agbetofia\.gradle\caches\6.5\md-rule)" [_thread_blocked, id=17180, stack(0x000000001d6c0000,0x000000001d7c0000)]
  0x000000001e33f800 JavaThread "Cache worker for cache directory md-supplier (C:\Users\agbetofia\.gradle\caches\6.5\md-supplier)" [_thread_blocked, id=15508, stack(0x000000001d5c0000,0x000000001d6c0000)]
  0x000000001e33e000 JavaThread "Cache worker for checksums cache (C:\Users\agbetofia\Downloads\mgl7130-gain-jam-list\mgl7130-gain-jam-list\.gradle\checksums)" [_thread_blocked, id=12916, stack(0x000000001d4c0000,0x000000001d5c0000)]
  0x000000001e343800 JavaThread "Cache worker for file hash cache (C:\Users\agbetofia\Downloads\mgl7130-gain-jam-list\mgl7130-gain-jam-list\.gradle\6.5\fileHashes)" [_thread_blocked, id=228, stack(0x000000001d3c0000,0x000000001d4c0000)]
  0x000000001e33f000 JavaThread "Thread-126" [_thread_blocked, id=12292, stack(0x000000001d2c0000,0x000000001d3c0000)]
  0x000000001e342800 JavaThread "Stdin handler" [_thread_blocked, id=19376, stack(0x000000001d1c0000,0x000000001d2c0000)]
  0x000000001e336800 JavaThread "Asynchronous log dispatcher for DefaultDaemonConnection: socket connection from /127.0.0.1:59372 to /127.0.0.1:59393" [_thread_blocked, id=14788, stack(0x000000001cb50000,0x000000001cc50000)]
  0x000000001e33d800 JavaThread "Daemon worker Thread 2" [_thread_blocked, id=7312, stack(0x000000001ca50000,0x000000001cb50000)]
  0x000000001e336000 JavaThread "Cancel handler" [_thread_blocked, id=15300, stack(0x00000000013c0000,0x00000000014c0000)]
  0x000000001e33c800 JavaThread "Handler for socket connection from /127.0.0.1:59372 to /127.0.0.1:59393" [_thread_in_native, id=16220, stack(0x00000000012c0000,0x00000000013c0000)]
  0x000000001e335000 JavaThread "Daemon Thread 2" [_thread_blocked, id=4068, stack(0x00000000011c0000,0x00000000012c0000)]
  0x000000001bd79800 JavaThread "Memory manager" [_thread_blocked, id=13084, stack(0x000000002a550000,0x000000002a650000)]
  0x000000001e339000 JavaThread "Cache worker for file content cache (C:\Users\agbetofia\.gradle\caches\6.5\fileContent)" [_thread_blocked, id=7888, stack(0x0000000023980000,0x0000000023a80000)]
  0x000000001e339800 JavaThread "Cache worker for execution history cache (C:\Users\agbetofia\.gradle\caches\6.5\executionHistory)" [_thread_blocked, id=12144, stack(0x0000000023480000,0x0000000023580000)]
  0x0000000017cef000 JavaThread "Cache worker for file hash cache (C:\Users\agbetofia\.gradle\caches\6.5\fileHashes)" [_thread_blocked, id=1288, stack(0x000000001dcc0000,0x000000001ddc0000)]
  0x0000000017cf2800 JavaThread "File lock request listener" [_thread_in_native, id=9344, stack(0x000000001dbc0000,0x000000001dcc0000)]
  0x000000001b7eb000 JavaThread "Cache worker for journal cache (C:\Users\agbetofia\.gradle\caches\journal-1)" [_thread_blocked, id=8556, stack(0x000000001dac0000,0x000000001dbc0000)]
  0x000000001b6e5800 JavaThread "Daemon periodic checks" [_thread_blocked, id=13680, stack(0x000000001cec0000,0x000000001cfc0000)]
  0x000000001b669000 JavaThread "Incoming local TCP Connector on port 59372" [_thread_in_native, id=15724, stack(0x000000001cc50000,0x000000001cd50000)]
  0x0000000019a11000 JavaThread "Daemon health stats" [_thread_blocked, id=15780, stack(0x000000001c610000,0x000000001c710000)]
  0x0000000017d2d800 JavaThread "Service Thread" daemon [_thread_blocked, id=2992, stack(0x0000000019a70000,0x0000000019b70000)]
  0x0000000017cf2000 JavaThread "C1 CompilerThread2" daemon [_thread_blocked, id=1736, stack(0x0000000019570000,0x0000000019670000)]
  0x0000000017cdd000 JavaThread "C2 CompilerThread1" daemon [_thread_in_native, id=4836, stack(0x0000000019470000,0x0000000019570000)]
=>0x0000000017cd4000 JavaThread "C2 CompilerThread0" daemon [_thread_in_native, id=3764, stack(0x0000000019370000,0x0000000019470000)]
  0x0000000017cd2800 JavaThread "Attach Listener" daemon [_thread_blocked, id=15356, stack(0x0000000019270000,0x0000000019370000)]
  0x0000000017cd1800 JavaThread "Signal Dispatcher" daemon [_thread_blocked, id=19032, stack(0x0000000019170000,0x0000000019270000)]
  0x00000000030ab800 JavaThread "Finalizer" daemon [_thread_blocked, id=18132, stack(0x0000000018f40000,0x0000000019040000)]
  0x0000000017cb9000 JavaThread "Reference Handler" daemon [_thread_blocked, id=13260, stack(0x0000000018e40000,0x0000000018f40000)]
  0x0000000002fae800 JavaThread "main" [_thread_blocked, id=6624, stack(0x0000000002de0000,0x0000000002ee0000)]

Other Threads:
  0x0000000017c96800 VMThread [stack: 0x0000000018d40000,0x0000000018e40000] [id=9184]
  0x0000000017d2e000 WatcherThread [stack: 0x0000000019b70000,0x0000000019c70000] [id=14028]

VM state:not at safepoint (normal execution)

VM Mutex/Monitor currently owned by a thread: None

heap address: 0x0000000080000000, size: 2048 MB, Compressed Oops mode: 32-bit
Narrow klass base: 0x0000000000000000, Narrow klass shift: 3
Compressed class space size: 1073741824 Address: 0x0000000100000000

Heap:
 PSYoungGen      total 256512K, used 42021K [0x00000000d5580000, 0x00000000e8980000, 0x0000000100000000)
  eden space 223232K, 18% used [0x00000000d5580000,0x00000000d7e89498,0x00000000e2f80000)
  from space 33280K, 0% used [0x00000000e2f80000,0x00000000e2f80000,0x00000000e5000000)
  to   space 31744K, 0% used [0x00000000e6a80000,0x00000000e6a80000,0x00000000e8980000)
 ParOldGen       total 136192K, used 62176K [0x0000000080000000, 0x0000000088500000, 0x00000000d5580000)
  object space 136192K, 45% used [0x0000000080000000,0x0000000083cb8020,0x0000000088500000)
 Metaspace       used 96156K, capacity 100436K, committed 100864K, reserved 1136640K
  class space    used 12564K, capacity 13452K, committed 13568K, reserved 1048576K

Card table byte_map: [0x0000000012470000,0x0000000012880000] byte_map_base: 0x0000000012070000

Marking Bits: (ParMarkBitMap*) 0x000000005fa3f030
 Begin Bits: [0x0000000012f30000, 0x0000000014f30000)
 End Bits:   [0x0000000014f30000, 0x0000000016f30000)

Polling page: 0x00000000010b0000

CodeCache: size=245760Kb used=38861Kb max_used=39136Kb free=206898Kb
 bounds [0x00000000030b0000, 0x0000000005720000, 0x00000000120b0000]
 total_blobs=12476 nmethods=11464 adapters=923
 compilation: enabled

Compilation events (10 events):
Event: 246.105 Thread 0x0000000017cf2000 13514       3       kotlin.reflect.jvm.internal.impl.protobuf.CodedInputStream::readRawByte (33 bytes)
Event: 246.106 Thread 0x0000000017cf2000 nmethod 13514 0x0000000005268b90 code [0x0000000005268d20, 0x0000000005268ff8]
Event: 246.110 Thread 0x0000000017cdd000 nmethod 13507 0x00000000052b7d10 code [0x00000000052b7f20, 0x00000000052b8780]
Event: 246.110 Thread 0x0000000017cdd000 13513       4       java.lang.Class::getDeclaringClass (22 bytes)
Event: 246.111 Thread 0x0000000017cf2000 13516       3       kotlin.reflect.jvm.internal.impl.metadata.deserialization.Flags$EnumLiteFlagField::get (6 bytes)
Event: 246.111 Thread 0x0000000017cf2000 nmethod 13516 0x00000000052687d0 code [0x0000000005268940, 0x0000000005268ae8]
Event: 246.112 Thread 0x0000000017cf2000 13517       1       kotlin.reflect.jvm.internal.impl.serialization.deserialization.DeserializationContext::getNameResolver (5 bytes)
Event: 246.112 Thread 0x0000000017cf2000 nmethod 13517 0x000000000519d250 code [0x000000000519d3a0, 0x000000000519d4b0]
Event: 246.112 Thread 0x0000000017cf2000 13518       3       kotlin.collections.ArraysKt___ArraysKt::getOrNull (30 bytes)
Event: 246.113 Thread 0x0000000017cf2000 nmethod 13518 0x00000000052b7150 code [0x00000000052b7320, 0x00000000052b7998]

GC Heap History (10 events):
Event: 23.672 GC heap before
{Heap before GC invocations=17 (full 3):
 PSYoungGen      total 185344K, used 179655K [0x00000000d5580000, 0x00000000e4300000, 0x0000000100000000)
  eden space 164864K, 100% used [0x00000000d5580000,0x00000000df680000,0x00000000df680000)
  from space 20480K, 72% used [0x00000000df680000,0x00000000e04f1f50,0x00000000e0a80000)
  to   space 21504K, 0% used [0x00000000e2e00000,0x00000000e2e00000,0x00000000e4300000)
 ParOldGen       total 136192K, used 35083K [0x0000000080000000, 0x0000000088500000, 0x00000000d5580000)
  object space 136192K, 25% used [0x0000000080000000,0x0000000082242fc8,0x0000000088500000)
 Metaspace       used 77534K, capacity 81126K, committed 81408K, reserved 1120256K
  class space    used 10525K, capacity 11199K, committed 11264K, reserved 1048576K
Event: 23.742 GC heap after
Heap after GC invocations=17 (full 3):
 PSYoungGen      total 217600K, used 21483K [0x00000000d5580000, 0x00000000e4a80000, 0x0000000100000000)
  eden space 196096K, 0% used [0x00000000d5580000,0x00000000d5580000,0x00000000e1500000)
  from space 21504K, 99% used [0x00000000e2e00000,0x00000000e42fafb8,0x00000000e4300000)
  to   space 25600K, 0% used [0x00000000e1500000,0x00000000e1500000,0x00000000e2e00000)
 ParOldGen       total 136192K, used 38784K [0x0000000080000000, 0x0000000088500000, 0x00000000d5580000)
  object space 136192K, 28% used [0x0000000080000000,0x00000000825e0340,0x0000000088500000)
 Metaspace       used 77534K, capacity 81126K, committed 81408K, reserved 1120256K
  class space    used 10525K, capacity 11199K, committed 11264K, reserved 1048576K
}
Event: 226.994 GC heap before
{Heap before GC invocations=18 (full 3):
 PSYoungGen      total 217600K, used 217579K [0x00000000d5580000, 0x00000000e4a80000, 0x0000000100000000)
  eden space 196096K, 100% used [0x00000000d5580000,0x00000000e1500000,0x00000000e1500000)
  from space 21504K, 99% used [0x00000000e2e00000,0x00000000e42fafb8,0x00000000e4300000)
  to   space 25600K, 0% used [0x00000000e1500000,0x00000000e1500000,0x00000000e2e00000)
 ParOldGen       total 136192K, used 38784K [0x0000000080000000, 0x0000000088500000, 0x00000000d5580000)
  object space 136192K, 28% used [0x0000000080000000,0x00000000825e0340,0x0000000088500000)
 Metaspace       used 87380K, capacity 91488K, committed 91648K, reserved 1128448K
  class space    used 11586K, capacity 12442K, committed 12544K, reserved 1048576K
Event: 227.052 GC heap after
Heap after GC invocations=18 (full 3):
 PSYoungGen      total 221696K, used 16284K [0x00000000d5580000, 0x00000000e6980000, 0x0000000100000000)
  eden space 196096K, 0% used [0x00000000d5580000,0x00000000d5580000,0x00000000e1500000)
  from space 25600K, 63% used [0x00000000e1500000,0x00000000e24e7070,0x00000000e2e00000)
  to   space 26112K, 0% used [0x00000000e5000000,0x00000000e5000000,0x00000000e6980000)
 ParOldGen       total 136192K, used 57128K [0x0000000080000000, 0x0000000088500000, 0x00000000d5580000)
  object space 136192K, 41% used [0x0000000080000000,0x00000000837ca3a8,0x0000000088500000)
 Metaspace       used 87380K, capacity 91488K, committed 91648K, reserved 1128448K
  class space    used 11586K, capacity 12442K, committed 12544K, reserved 1048576K
}
Event: 233.013 GC heap before
{Heap before GC invocations=19 (full 3):
 PSYoungGen      total 221696K, used 212380K [0x00000000d5580000, 0x00000000e6980000, 0x0000000100000000)
  eden space 196096K, 100% used [0x00000000d5580000,0x00000000e1500000,0x00000000e1500000)
  from space 25600K, 63% used [0x00000000e1500000,0x00000000e24e7070,0x00000000e2e00000)
  to   space 26112K, 0% used [0x00000000e5000000,0x00000000e5000000,0x00000000e6980000)
 ParOldGen       total 136192K, used 57128K [0x0000000080000000, 0x0000000088500000, 0x00000000d5580000)
  object space 136192K, 41% used [0x0000000080000000,0x00000000837ca3a8,0x0000000088500000)
 Metaspace       used 89861K, capacity 94182K, committed 94464K, reserved 1130496K
  class space    used 11854K, capacity 12753K, committed 12800K, reserved 1048576K
Event: 233.080 GC heap after
Heap after GC invocations=19 (full 3):
 PSYoungGen      total 249344K, used 26082K [0x00000000d5580000, 0x00000000e7780000, 0x0000000100000000)
  eden space 223232K, 0% used [0x00000000d5580000,0x00000000d5580000,0x00000000e2f80000)
  from space 26112K, 99% used [0x00000000e5000000,0x00000000e6978aa0,0x00000000e6980000)
  to   space 33280K, 0% used [0x00000000e2f80000,0x00000000e2f80000,0x00000000e5000000)
 ParOldGen       total 136192K, used 66645K [0x0000000080000000, 0x0000000088500000, 0x00000000d5580000)
  object space 136192K, 48% used [0x0000000080000000,0x0000000084115480,0x0000000088500000)
 Metaspace       used 89861K, capacity 94182K, committed 94464K, reserved 1130496K
  class space    used 11854K, capacity 12753K, committed 12800K, reserved 1048576K
}
Event: 243.073 GC heap before
{Heap before GC invocations=20 (full 3):
 PSYoungGen      total 249344K, used 208669K [0x00000000d5580000, 0x00000000e7780000, 0x0000000100000000)
  eden space 223232K, 81% used [0x00000000d5580000,0x00000000e07ced50,0x00000000e2f80000)
  from space 26112K, 99% used [0x00000000e5000000,0x00000000e6978aa0,0x00000000e6980000)
  to   space 33280K, 0% used [0x00000000e2f80000,0x00000000e2f80000,0x00000000e5000000)
 ParOldGen       total 136192K, used 66645K [0x0000000080000000, 0x0000000088500000, 0x00000000d5580000)
  object space 136192K, 48% used [0x0000000080000000,0x0000000084115480,0x0000000088500000)
 Metaspace       used 93967K, capacity 98340K, committed 98496K, reserved 1134592K
  class space    used 12290K, capacity 13196K, committed 13312K, reserved 1048576K
Event: 243.268 GC heap after
Heap after GC invocations=20 (full 3):
 PSYoungGen      total 256512K, used 12020K [0x00000000d5580000, 0x00000000e8980000, 0x0000000100000000)
  eden space 223232K, 0% used [0x00000000d5580000,0x00000000d5580000,0x00000000e2f80000)
  from space 33280K, 36% used [0x00000000e2f80000,0x00000000e3b3d0b8,0x00000000e5000000)
  to   space 31744K, 0% used [0x00000000e6a80000,0x00000000e6a80000,0x00000000e8980000)
 ParOldGen       total 136192K, used 92109K [0x0000000080000000, 0x0000000088500000, 0x00000000d5580000)
  object space 136192K, 67% used [0x0000000080000000,0x00000000859f3468,0x0000000088500000)
 Metaspace       used 93967K, capacity 98340K, committed 98496K, reserved 1134592K
  class space    used 12290K, capacity 13196K, committed 13312K, reserved 1048576K
}
Event: 243.268 GC heap before
{Heap before GC invocations=21 (full 4):
 PSYoungGen      total 256512K, used 12020K [0x00000000d5580000, 0x00000000e8980000, 0x0000000100000000)
  eden space 223232K, 0% used [0x00000000d5580000,0x00000000d5580000,0x00000000e2f80000)
  from space 33280K, 36% used [0x00000000e2f80000,0x00000000e3b3d0b8,0x00000000e5000000)
  to   space 31744K, 0% used [0x00000000e6a80000,0x00000000e6a80000,0x00000000e8980000)
 ParOldGen       total 136192K, used 92109K [0x0000000080000000, 0x0000000088500000, 0x00000000d5580000)
  object space 136192K, 67% used [0x0000000080000000,0x00000000859f3468,0x0000000088500000)
 Metaspace       used 93967K, capacity 98340K, committed 98496K, reserved 1134592K
  class space    used 12290K, capacity 13196K, committed 13312K, reserved 1048576K
Event: 243.919 GC heap after
Heap after GC invocations=21 (full 4):
 PSYoungGen      total 256512K, used 0K [0x00000000d5580000, 0x00000000e8980000, 0x0000000100000000)
  eden space 223232K, 0% used [0x00000000d5580000,0x00000000d5580000,0x00000000e2f80000)
  from space 33280K, 0% used [0x00000000e2f80000,0x00000000e2f80000,0x00000000e5000000)
  to   space 31744K, 0% used [0x00000000e6a80000,0x00000000e6a80000,0x00000000e8980000)
 ParOldGen       total 136192K, used 62176K [0x0000000080000000, 0x0000000088500000, 0x00000000d5580000)
  object space 136192K, 45% used [0x0000000080000000,0x0000000083cb8020,0x0000000088500000)
 Metaspace       used 93906K, capacity 98156K, committed 98496K, reserved 1134592K
  class space    used 12270K, capacity 13162K, committed 13312K, reserved 1048576K
}

Deoptimization events (10 events):
Event: 242.784 Thread 0x000000001a532000 Uncommon trap: reason=unstable_if action=reinterpret pc=0x000000000531352c method=com.sun.org.apache.xerces.internal.impl.XMLEntityScanner.scanData(Ljava/lang/String;Lcom/sun/org/apache/xerces/internal/util/XMLStringBuffer;)Z @ 923
Event: 242.785 Thread 0x000000001a532000 Uncommon trap: reason=unstable_if action=reinterpret pc=0x00000000052e6944 method=com.android.utils.PositionXmlParser$DomBuilder.getCurrentPosition()Lcom/android/utils/PositionXmlParser$Position; @ 65
Event: 242.809 Thread 0x000000001a532000 Uncommon trap: reason=class_check action=maybe_recompile pc=0x00000000050c5544 method=java.io.Writer.append(Ljava/lang/CharSequence;)Ljava/io/Writer; @ 20
Event: 242.811 Thread 0x000000001a532000 Uncommon trap: reason=class_check action=maybe_recompile pc=0x00000000050c5544 method=java.io.Writer.append(Ljava/lang/CharSequence;)Ljava/io/Writer; @ 20
Event: 242.837 Thread 0x000000001a535800 Uncommon trap: reason=unstable_if action=reinterpret pc=0x0000000005650828 method=com.google.common.collect.ImmutableMultimap$1.hasNext()Z @ 9
Event: 242.877 Thread 0x000000001a538000 Uncommon trap: reason=array_check action=maybe_recompile pc=0x000000000565ca7c method=java.util.TimSort.binarySort([Ljava/lang/Object;IIILjava/util/Comparator;)V @ 183
Event: 242.890 Thread 0x000000001a538000 Uncommon trap: reason=unstable_if action=reinterpret pc=0x000000000322baa0 method=com.google.gson.stream.JsonReader.nextString()Ljava/lang/String; @ 6
Event: 242.936 Thread 0x000000001a538000 Uncommon trap: reason=unstable_if action=reinterpret pc=0x00000000049b08f4 method=java.lang.String.lastIndexOf([CII[CIII)I @ 17
Event: 243.919 Thread 0x0000000017cb9000 Uncommon trap: reason=unstable_if action=reinterpret pc=0x00000000044d30b8 method=java.lang.ref.Reference.tryHandlePending(Z)Z @ 20
Event: 244.061 Thread 0x000000001a538000 Uncommon trap: reason=unstable_if action=reinterpret pc=0x00000000053337e4 method=sun.misc.URLClassPath$1.next()Z @ 56

Classes redefined (0 events):
No events

Internal exceptions (10 events):
Event: 238.953 Thread 0x000000001e33d800 Exception <a 'java/lang/NoSuchMethodError': <clinit>> (0x00000000dda36668) thrown at [C:\src\AOSP-openjdk-git\hotspot\src\share\vm\prims\jni.cpp, line 1615]
Event: 241.573 Thread 0x000000001a532000 Exception <a 'java/lang/NoSuchMethodError': <clinit>> (0x00000000d976ac78) thrown at [C:\src\AOSP-openjdk-git\hotspot\src\share\vm\prims\jni.cpp, line 1615]
Event: 242.038 Thread 0x000000001a532000 Exception <a 'sun/nio/fs/WindowsException'> (0x00000000df199510) thrown at [C:\src\AOSP-openjdk-git\hotspot\src\share\vm\prims\jni.cpp, line 710]
Event: 242.038 Thread 0x000000001a532000 Exception <a 'sun/nio/fs/WindowsException'> (0x00000000df19a600) thrown at [C:\src\AOSP-openjdk-git\hotspot\src\share\vm\prims\jni.cpp, line 710]
Event: 242.038 Thread 0x000000001a532000 Exception <a 'sun/nio/fs/WindowsException'> (0x00000000df19b220) thrown at [C:\src\AOSP-openjdk-git\hotspot\src\share\vm\prims\jni.cpp, line 710]
Event: 242.038 Thread 0x000000001a532000 Exception <a 'sun/nio/fs/WindowsException'> (0x00000000df19c2e0) thrown at [C:\src\AOSP-openjdk-git\hotspot\src\share\vm\prims\jni.cpp, line 710]
Event: 242.038 Thread 0x000000001a532000 Exception <a 'sun/nio/fs/WindowsException'> (0x00000000df19cea0) thrown at [C:\src\AOSP-openjdk-git\hotspot\src\share\vm\prims\jni.cpp, line 710]
Event: 242.038 Thread 0x000000001a532000 Exception <a 'sun/nio/fs/WindowsException'> (0x00000000df19df40) thrown at [C:\src\AOSP-openjdk-git\hotspot\src\share\vm\prims\jni.cpp, line 710]
Event: 242.666 Thread 0x000000001a532000 Implicit null exception at 0x000000000333d796 to 0x000000000333db31
Event: 243.950 Thread 0x000000001bd79800 Exception <a 'java/lang/NoSuchMethodError': java.lang.Object.lambda$comparingInt$7b0bb60$1(Ljava/util/function/ToIntFunction;Ljava/lang/Object;Ljava/lang/Object;)I> (0x00000000d5719530) thrown at [C:\src\AOSP-openjdk-git\hotspot\src\share\vm\interpreter\l

Events (10 events):
Event: 246.002 Thread 0x0000000017cf2000 flushing nmethod 0x00000000052e8d10
Event: 246.002 Thread 0x0000000017cf2000 flushing nmethod 0x0000000005316090
Event: 246.002 Thread 0x0000000017cf2000 flushing nmethod 0x0000000005319210
Event: 246.002 Thread 0x0000000017cf2000 flushing nmethod 0x00000000053346d0
Event: 246.002 Thread 0x0000000017cf2000 flushing nmethod 0x000000000533b7d0
Event: 246.003 Thread 0x0000000017cf2000 flushing nmethod 0x00000000053739d0
Event: 246.014 loading class kotlin/reflect/jvm/internal/UtilKt
Event: 246.014 loading class kotlin/reflect/jvm/internal/UtilKt done
Event: 246.018 loading class kotlin/reflect/jvm/internal/impl/resolve/scopes/InnerClassesScopeWrapper
Event: 246.018 loading class kotlin/reflect/jvm/internal/impl/resolve/scopes/InnerClassesScopeWrapper done


Dynamic libraries:
0x00007ff698f10000 - 0x00007ff698f41000 	C:\Program Files\Android\Android Studio\jre\bin\java.exe
0x00007ffb8ad10000 - 0x00007ffb8af05000 	C:\WINDOWS\SYSTEM32\ntdll.dll
0x00007ffb88d70000 - 0x00007ffb88e2d000 	C:\WINDOWS\System32\KERNEL32.DLL
0x00007ffb88a70000 - 0x00007ffb88d38000 	C:\WINDOWS\System32\KERNELBASE.dll
0x00007ffb88fe0000 - 0x00007ffb8908c000 	C:\WINDOWS\System32\ADVAPI32.dll
0x00007ffb891f0000 - 0x00007ffb8928e000 	C:\WINDOWS\System32\msvcrt.dll
0x00007ffb895a0000 - 0x00007ffb8963b000 	C:\WINDOWS\System32\sechost.dll
0x00007ffb89090000 - 0x00007ffb891bb000 	C:\WINDOWS\System32\RPCRT4.dll
0x00007ffb88e40000 - 0x00007ffb88fe0000 	C:\WINDOWS\System32\USER32.dll
0x00007ffb884b0000 - 0x00007ffb884d2000 	C:\WINDOWS\System32\win32u.dll
0x00007ffb89290000 - 0x00007ffb892ba000 	C:\WINDOWS\System32\GDI32.dll
0x00007ffb88860000 - 0x00007ffb8896b000 	C:\WINDOWS\System32\gdi32full.dll
0x00007ffb88530000 - 0x00007ffb885cd000 	C:\WINDOWS\System32\msvcp_win.dll
0x00007ffb88970000 - 0x00007ffb88a70000 	C:\WINDOWS\System32\ucrtbase.dll
0x00007ffb772b0000 - 0x00007ffb7754a000 	C:\WINDOWS\WinSxS\amd64_microsoft.windows.common-controls_6595b64144ccf1df_6.0.19041.844_none_ca00b6081b84eb1d\COMCTL32.dll
0x00007ffb891c0000 - 0x00007ffb891f0000 	C:\WINDOWS\System32\IMM32.DLL
0x000000005f190000 - 0x000000005f262000 	C:\Program Files\Android\Android Studio\jre\jre\bin\msvcr100.dll
0x000000005f270000 - 0x000000005fabb000 	C:\Program Files\Android\Android Studio\jre\jre\bin\server\jvm.dll
0x00007ffb88e30000 - 0x00007ffb88e38000 	C:\WINDOWS\System32\PSAPI.DLL
0x00007ffb795a0000 - 0x00007ffb795aa000 	C:\WINDOWS\SYSTEM32\VERSION.dll
0x00007ffb75f00000 - 0x00007ffb75f27000 	C:\WINDOWS\SYSTEM32\WINMM.dll
0x00007ffb74e40000 - 0x00007ffb74e49000 	C:\WINDOWS\SYSTEM32\WSOCK32.dll
0x00007ffb8a0b0000 - 0x00007ffb8a11b000 	C:\WINDOWS\System32\WS2_32.dll
0x00007ffb7fef0000 - 0x00007ffb7feff000 	C:\Program Files\Android\Android Studio\jre\jre\bin\verify.dll
0x00007ffb7f1d0000 - 0x00007ffb7f1f9000 	C:\Program Files\Android\Android Studio\jre\jre\bin\java.dll
0x00007ffb79050000 - 0x00007ffb79066000 	C:\Program Files\Android\Android Studio\jre\jre\bin\zip.dll
0x00007ffb8a360000 - 0x00007ffb8aaa2000 	C:\WINDOWS\System32\SHELL32.dll
0x00007ffb86370000 - 0x00007ffb86b01000 	C:\WINDOWS\SYSTEM32\windows.storage.dll
0x00007ffb898e0000 - 0x00007ffb89c35000 	C:\WINDOWS\System32\combase.dll
0x00007ffb87ec0000 - 0x00007ffb87eec000 	C:\WINDOWS\SYSTEM32\Wldp.dll
0x00007ffb8ab50000 - 0x00007ffb8abfe000 	C:\WINDOWS\System32\SHCORE.dll
0x00007ffb8a120000 - 0x00007ffb8a175000 	C:\WINDOWS\System32\shlwapi.dll
0x00007ffb88390000 - 0x00007ffb883af000 	C:\WINDOWS\SYSTEM32\profapi.dll
0x00007ffb77be0000 - 0x00007ffb77bfa000 	C:\Program Files\Android\Android Studio\jre\jre\bin\net.dll
0x00007ffb87c30000 - 0x00007ffb87c9a000 	C:\WINDOWS\system32\mswsock.dll
0x00007ffb777b0000 - 0x00007ffb777c3000 	C:\Program Files\Android\Android Studio\jre\jre\bin\nio.dll
0x00007ffb7d640000 - 0x00007ffb7d667000 	C:\Users\agbetofia\.gradle\native\f6784746aeab05261644944871eae4fe03e0ef1612fff0a4a95f87b438bc6780\windows-amd64\native-platform.dll
0x00007ffb7f2f0000 - 0x00007ffb7f2fd000 	C:\Program Files\Android\Android Studio\jre\jre\bin\management.dll
0x00007ffb87e00000 - 0x00007ffb87e18000 	C:\WINDOWS\SYSTEM32\CRYPTSP.dll
0x00007ffb87450000 - 0x00007ffb87484000 	C:\WINDOWS\system32\rsaenh.dll
0x00007ffb88d40000 - 0x00007ffb88d67000 	C:\WINDOWS\System32\bcrypt.dll
0x00007ffb88350000 - 0x00007ffb8837e000 	C:\WINDOWS\SYSTEM32\USERENV.dll
0x00007ffb885d0000 - 0x00007ffb88650000 	C:\WINDOWS\System32\bcryptprimitives.dll
0x00007ffb87e20000 - 0x00007ffb87e2c000 	C:\WINDOWS\SYSTEM32\CRYPTBASE.dll
0x00007ffb878d0000 - 0x00007ffb8790b000 	C:\WINDOWS\SYSTEM32\IPHLPAPI.DLL
0x00007ffb8ac00000 - 0x00007ffb8ac08000 	C:\WINDOWS\System32\NSI.dll
0x00007ffb80640000 - 0x00007ffb80657000 	C:\WINDOWS\SYSTEM32\dhcpcsvc6.DLL
0x00007ffb810b0000 - 0x00007ffb810cd000 	C:\WINDOWS\SYSTEM32\dhcpcsvc.DLL
0x00007ffb87920000 - 0x00007ffb879ec000 	C:\WINDOWS\SYSTEM32\DNSAPI.dll
0x00007ffb828a0000 - 0x00007ffb828ab000 	C:\WINDOWS\SYSTEM32\WINNSI.DLL
0x00007ffb6f080000 - 0x00007ffb6f0a4000 	C:\Program Files\Android\Android Studio\jre\jre\bin\sunec.dll
0x00007ffb77730000 - 0x00007ffb7773a000 	C:\Windows\System32\rasadhlp.dll
0x00007ffb82140000 - 0x00007ffb821bf000 	C:\WINDOWS\System32\fwpuclnt.dll
0x00007ffb7f210000 - 0x00007ffb7f21b000 	C:\Program Files\Android\Android Studio\jre\jre\bin\sunmscapi.dll
0x00007ffb88650000 - 0x00007ffb887af000 	C:\WINDOWS\System32\CRYPT32.dll
0x00007ffb573f0000 - 0x00007ffb5758c000 	C:\Program Files\Android\Android Studio\jre\jre\bin\awt.dll
0x00007ffb89810000 - 0x00007ffb898dd000 	C:\WINDOWS\System32\OLEAUT32.dll
0x00007ffb85ad0000 - 0x00007ffb85aff000 	C:\WINDOWS\SYSTEM32\dwmapi.dll
0x00007ffb83b10000 - 0x00007ffb840d0000 	C:\WINDOWS\SYSTEM32\d2d1.dll
0x00007ffb854e0000 - 0x00007ffb85570000 	C:\WINDOWS\SYSTEM32\apphelp.dll
0x00007ffb85880000 - 0x00007ffb8591e000 	C:\WINDOWS\system32\uxtheme.dll

VM Arguments:
jvm_args: -Xmx2048m -Dfile.encoding=UTF-8 -Duser.country=CA -Duser.language=fr -Duser.variant 
java_command: org.gradle.launcher.daemon.bootstrap.GradleDaemon 6.5
java_class_path (initial): C:\Users\agbetofia\.gradle\wrapper\dists\gradle-6.5-all\2oz4ud9k3tuxjg84bbf55q0tn\gradle-6.5\lib\gradle-launcher-6.5.jar
Launcher Type: SUN_STANDARD

Environment Variables:
PATH=C:\Python39\Scripts\;C:\Python39\;C:\Program Files\Common Files\Oracle\Java\javapath;C:\Program Files (x86)\Intel\iCLS Client\;C:\Program Files\Intel\iCLS Client\;C:\WINDOWS\system32;C:\WINDOWS;C:\WINDOWS\System32\Wbem;C:\WINDOWS\System32\WindowsPowerShell\v1.0\;C:\WINDOWS\System32\OpenSSH\;C:\Program Files (x86)\Intel\Intel(R) Management Engine Components\DAL;C:\Program Files\Intel\Intel(R) Management Engine Components\DAL;C:\Program Files (x86)\Intel\Intel(R) Management Engine Components\IPT;C:\Program Files\Intel\Intel(R) Management Engine Components\IPT;C:\Program Files\Intel\WiFi\bin\;C:\Program Files (x86)\2JPEG;C:\Users\agbetofia\AppData\Local\Android\Sdk\platform-tools;C:\Users\agbetofia\AppData\Local\Android\Sdk\tools;C:\Program Files\nodejs\;C:\ProgramData\chocolatey\bin;C:\Users\agbetofia\AppData\Local\Microsoft\WindowsApps;C:\Users\agbetofia\AppData\Local\Programs\Microsoft VS Code\bin;C:\Users\agbetofia\AppData\Roaming\npm
USERNAME=agbetofia
OS=Windows_NT
PROCESSOR_IDENTIFIER=Intel64 Family 6 Model 61 Stepping 4, GenuineIntel



---------------  S Y S T E M  ---------------

OS: Windows 10.0 , 64 bit Build 19041 (10.0.19041.928)

CPU:total 4 (initial active 4) (2 cores per cpu, 2 threads per core) family 6 model 61 stepping 4, cmov, cx8, fxsr, mmx, sse, sse2, sse3, ssse3, sse4.1, sse4.2, popcnt, avx, avx2, aes, clmul, erms, rtm, 3dnowpref, lzcnt, ht, tsc, tscinvbit, bmi1, bmi2, adx

Memory: 4k page, physical 8277408k(432372k free), swap 12471712k(7632k free)

vm_info: OpenJDK 64-Bit Server VM (25.242-b01) for windows-amd64 JRE (1.8.0_242-release-1644-b01), built by "builder" with MS VC++ 10.0 (VS2010)

time: Mon Apr 26 20:17:13 2021
timezone: Est (heure d’été)
elapsed time: 246 seconds (0d 0h 4m 6s)

