#
# There is insufficient memory for the Java Runtime Environment to continue.
# Native memory allocation (malloc) failed to allocate 521456 bytes for Chunk::new
# Possible reasons:
#   The system is out of physical RAM or swap space
#   The process is running with CompressedOops enabled, and the Java Heap may be blocking the growth of the native heap
# Possible solutions:
#   Reduce memory load on the system
#   Increase physical memory or swap space
#   Check if swap backing store is full
#   Decrease Java heap size (-Xmx/-Xms)
#   Decrease number of Java threads
#   Decrease Java thread stack sizes (-Xss)
#   Set larger code cache with -XX:ReservedCodeCacheSize=
#   JVM is running with Unscaled Compressed Oops mode in which the Java heap is
#     placed in the first 4GB address space. The Java Heap base address is the
#     maximum limit for the native heap growth. Please use -XX:HeapBaseMinAddress
#     to set the Java Heap base and to place the Java Heap above 4GB virtual address.
# This output file may be truncated or incomplete.
#
#  Out of Memory Error (allocation.cpp:389), pid=12428, tid=0x0000000000003214
#
# JRE version: OpenJDK Runtime Environment (8.0_242-b01) (build 1.8.0_242-release-1644-b01)
# Java VM: OpenJDK 64-Bit Server VM (25.242-b01 mixed mode windows-amd64 compressed oops)
# Failed to write core dump. Minidumps are not enabled by default on client versions of Windows
#

---------------  T H R E A D  ---------------

Current thread (0x0000000017c33000):  JavaThread "C2 CompilerThread0" daemon [_thread_in_native, id=12820, stack(0x00000000192b0000,0x00000000193b0000)]

Stack: [0x00000000192b0000,0x00000000193b0000]
[error occurred during error reporting (printing stack bounds), id 0xc0000005]

Native frames: (J=compiled Java code, j=interpreted, Vv=VM code, C=native code)


Current CompileTask:
C2:  52511 13351       4       com.android.tools.r8.t.a.a.a.h.N::a (115 bytes)


---------------  P R O C E S S  ---------------

Java Threads: ( => current thread )
  0x0000000021173800 JavaThread "ForkJoinPool-1-worker-0" daemon [_thread_blocked, id=6396, stack(0x000000002efc0000,0x000000002f0c0000)]
  0x0000000021172000 JavaThread "ForkJoinPool-1-worker-3" daemon [_thread_in_Java, id=6312, stack(0x000000002eec0000,0x000000002efc0000)]
  0x0000000021171000 JavaThread "ForkJoinPool-1-worker-2" daemon [_thread_blocked, id=2972, stack(0x000000002edc0000,0x000000002eec0000)]
  0x000000002116d800 JavaThread "ForkJoinPool-1-worker-1" daemon [_thread_blocked, id=1760, stack(0x000000002ecc0000,0x000000002edc0000)]
  0x0000000021170800 JavaThread "WorkerExecutor Queue Thread 4" [_thread_blocked, id=12208, stack(0x000000002c880000,0x000000002c980000)]
  0x000000002116f800 JavaThread "WorkerExecutor Queue Thread 3" [_thread_blocked, id=12764, stack(0x000000002e160000,0x000000002e260000)]
  0x0000000021168000 JavaThread "WorkerExecutor Queue Thread 2" [_thread_blocked, id=896, stack(0x000000002e060000,0x000000002e160000)]
  0x000000002116f000 JavaThread "WorkerExecutor Queue" [_thread_blocked, id=10880, stack(0x000000002cd60000,0x000000002ce60000)]
  0x000000002116a800 JavaThread "Cache worker for Java compile cache (C:\Users\agbetofia\AndroidStudioProjects\JAM\.gradle\6.5\javaCompile)" [_thread_blocked, id=6704, stack(0x000000002b980000,0x000000002ba80000)]
  0x0000000021165000 JavaThread "Cache worker for Java compile cache (C:\Users\agbetofia\.gradle\caches\6.5\javaCompile)" [_thread_blocked, id=12164, stack(0x000000002b640000,0x000000002b740000)]
  0x0000000021169000 JavaThread "Cache worker for execution history cache (C:\Users\agbetofia\AndroidStudioProjects\JAM\.gradle\6.5\executionHistory)" [_thread_blocked, id=7152, stack(0x0000000029e90000,0x0000000029f90000)]
  0x0000000021167800 JavaThread "Execution worker for ':' Thread 3" [_thread_blocked, id=12692, stack(0x0000000029d90000,0x0000000029e90000)]
  0x000000002116b000 JavaThread "Execution worker for ':' Thread 2" [_thread_blocked, id=6660, stack(0x0000000029c90000,0x0000000029d90000)]
  0x000000002116c000 JavaThread "Execution worker for ':'" [_thread_blocked, id=14048, stack(0x0000000029700000,0x0000000029800000)]
  0x000000001effa000 JavaThread "Cache worker for file content cache (C:\Users\agbetofia\AndroidStudioProjects\JAM\.gradle\6.5\fileContent)" [_thread_blocked, id=10328, stack(0x0000000028fc0000,0x00000000290c0000)]
  0x000000001eff9000 JavaThread "Memory manager" [_thread_blocked, id=5252, stack(0x00000000289a0000,0x0000000028aa0000)]
  0x000000001eff6000 JavaThread "Cache worker for Build Output Cleanup Cache (C:\Users\agbetofia\AndroidStudioProjects\JAM\.gradle\buildOutputCleanup)" [_thread_blocked, id=9928, stack(0x0000000028ac0000,0x0000000028bc0000)]
  0x000000001eff7000 JavaThread "jar transforms Thread 92" [_thread_blocked, id=7876, stack(0x00000000284a0000,0x00000000285a0000)]
  0x000000001eff4800 JavaThread "jar transforms Thread 91" [_thread_blocked, id=12376, stack(0x00000000283a0000,0x00000000284a0000)]
  0x000000001efee800 JavaThread "jar transforms Thread 90" [_thread_blocked, id=10176, stack(0x00000000282a0000,0x00000000283a0000)]
  0x000000001efed000 JavaThread "jar transforms Thread 89" [_thread_blocked, id=12700, stack(0x00000000281a0000,0x00000000282a0000)]
  0x000000001eff4000 JavaThread "jar transforms Thread 88" [_thread_blocked, id=512, stack(0x00000000280a0000,0x00000000281a0000)]
  0x000000001eff3000 JavaThread "jar transforms Thread 87" [_thread_blocked, id=3792, stack(0x0000000027fa0000,0x00000000280a0000)]
  0x000000001efeb800 JavaThread "jar transforms Thread 86" [_thread_blocked, id=14196, stack(0x0000000027ea0000,0x0000000027fa0000)]
  0x000000001eff0000 JavaThread "jar transforms Thread 85" [_thread_blocked, id=2072, stack(0x0000000027da0000,0x0000000027ea0000)]
  0x000000001efec800 JavaThread "jar transforms Thread 84" [_thread_blocked, id=11500, stack(0x0000000027ca0000,0x0000000027da0000)]
  0x000000001eff2800 JavaThread "jar transforms Thread 83" [_thread_blocked, id=13332, stack(0x0000000027ba0000,0x0000000027ca0000)]
  0x000000001eff1000 JavaThread "jar transforms Thread 82" [_thread_blocked, id=2956, stack(0x0000000027aa0000,0x0000000027ba0000)]
  0x000000001efef800 JavaThread "jar transforms Thread 81" [_thread_blocked, id=7428, stack(0x00000000279a0000,0x0000000027aa0000)]
  0x000000001efee000 JavaThread "jar transforms Thread 80" [_thread_blocked, id=11412, stack(0x00000000278a0000,0x00000000279a0000)]
  0x000000001efeb000 JavaThread "jar transforms Thread 79" [_thread_blocked, id=2256, stack(0x00000000277a0000,0x00000000278a0000)]
  0x000000001eff1800 JavaThread "jar transforms Thread 78" [_thread_blocked, id=9016, stack(0x00000000276a0000,0x00000000277a0000)]
  0x000000001bea2800 JavaThread "jar transforms Thread 77" [_thread_blocked, id=2476, stack(0x00000000275a0000,0x00000000276a0000)]
  0x000000001bea2000 JavaThread "jar transforms Thread 76" [_thread_blocked, id=14092, stack(0x00000000274a0000,0x00000000275a0000)]
  0x000000001bea3800 JavaThread "jar transforms Thread 75" [_thread_blocked, id=10088, stack(0x00000000273a0000,0x00000000274a0000)]
  0x000000001bea1000 JavaThread "jar transforms Thread 74" [_thread_blocked, id=12772, stack(0x00000000272a0000,0x00000000273a0000)]
  0x000000001bea5800 JavaThread "jar transforms Thread 73" [_thread_blocked, id=12668, stack(0x00000000271a0000,0x00000000272a0000)]
  0x000000001bea0800 JavaThread "jar transforms Thread 72" [_thread_blocked, id=11428, stack(0x00000000270a0000,0x00000000271a0000)]
  0x000000001be9e000 JavaThread "jar transforms Thread 71" [_thread_blocked, id=5528, stack(0x0000000026fa0000,0x00000000270a0000)]
  0x000000001bea5000 JavaThread "jar transforms Thread 70" [_thread_blocked, id=11556, stack(0x0000000026ea0000,0x0000000026fa0000)]
  0x000000001bea4000 JavaThread "jar transforms Thread 69" [_thread_blocked, id=3660, stack(0x0000000026da0000,0x0000000026ea0000)]
  0x000000001be9f800 JavaThread "jar transforms Thread 68" [_thread_blocked, id=7384, stack(0x0000000026ca0000,0x0000000026da0000)]
  0x000000001be99800 JavaThread "jar transforms Thread 67" [_thread_blocked, id=13812, stack(0x0000000026ba0000,0x0000000026ca0000)]
  0x000000001be98000 JavaThread "jar transforms Thread 66" [_thread_blocked, id=7056, stack(0x0000000026aa0000,0x0000000026ba0000)]
  0x000000001be9f000 JavaThread "jar transforms Thread 65" [_thread_blocked, id=4052, stack(0x00000000269a0000,0x0000000026aa0000)]
  0x000000001be9d800 JavaThread "jar transforms Thread 64" [_thread_blocked, id=13964, stack(0x00000000268a0000,0x00000000269a0000)]
  0x000000001be97800 JavaThread "jar transforms Thread 63" [_thread_blocked, id=7052, stack(0x00000000267a0000,0x00000000268a0000)]
  0x000000001be9c800 JavaThread "jar transforms Thread 62" [_thread_blocked, id=13632, stack(0x00000000266a0000,0x00000000267a0000)]
  0x000000001be96800 JavaThread "jar transforms Thread 61" [_thread_blocked, id=364, stack(0x00000000265a0000,0x00000000266a0000)]
  0x000000001be9c000 JavaThread "jar transforms Thread 60" [_thread_blocked, id=13500, stack(0x00000000264a0000,0x00000000265a0000)]
  0x000000001be9a800 JavaThread "jar transforms Thread 59" [_thread_blocked, id=2692, stack(0x00000000263a0000,0x00000000264a0000)]
  0x000000001be9b000 JavaThread "jar transforms Thread 58" [_thread_blocked, id=11436, stack(0x00000000262a0000,0x00000000263a0000)]
  0x000000001be99000 JavaThread "jar transforms Thread 57" [_thread_blocked, id=11532, stack(0x00000000261a0000,0x00000000262a0000)]
  0x000000001a112000 JavaThread "jar transforms Thread 56" [_thread_blocked, id=11308, stack(0x00000000260a0000,0x00000000261a0000)]
  0x000000001a110000 JavaThread "jar transforms Thread 55" [_thread_blocked, id=12552, stack(0x0000000025fa0000,0x00000000260a0000)]
  0x000000001a114800 JavaThread "jar transforms Thread 54" [_thread_blocked, id=5656, stack(0x0000000025ea0000,0x0000000025fa0000)]
  0x000000001a115000 JavaThread "jar transforms Thread 53" [_thread_blocked, id=1788, stack(0x0000000025da0000,0x0000000025ea0000)]
  0x000000001a113800 JavaThread "jar transforms Thread 52" [_thread_blocked, id=13960, stack(0x0000000025ca0000,0x0000000025da0000)]
  0x000000001a113000 JavaThread "jar transforms Thread 51" [_thread_blocked, id=13952, stack(0x0000000025ba0000,0x0000000025ca0000)]
  0x000000001a10e800 JavaThread "jar transforms Thread 50" [_thread_blocked, id=3948, stack(0x0000000025aa0000,0x0000000025ba0000)]
  0x000000001a111800 JavaThread "jar transforms Thread 49" [_thread_blocked, id=13060, stack(0x00000000259a0000,0x0000000025aa0000)]
  0x000000001a110800 JavaThread "jar transforms Thread 48" [_thread_blocked, id=3976, stack(0x00000000258a0000,0x00000000259a0000)]
  0x000000001a10d800 JavaThread "jar transforms Thread 47" [_thread_blocked, id=10860, stack(0x00000000257a0000,0x00000000258a0000)]
  0x000000001a10f000 JavaThread "jar transforms Thread 46" [_thread_blocked, id=13804, stack(0x00000000256a0000,0x00000000257a0000)]
  0x000000001a106000 JavaThread "jar transforms Thread 45" [_thread_blocked, id=10780, stack(0x00000000255a0000,0x00000000256a0000)]
  0x000000001a10d000 JavaThread "jar transforms Thread 44" [_thread_blocked, id=1336, stack(0x00000000254a0000,0x00000000255a0000)]
  0x000000001a10c000 JavaThread "jar transforms Thread 43" [_thread_blocked, id=3152, stack(0x00000000253a0000,0x00000000254a0000)]
  0x000000001a10b800 JavaThread "jar transforms Thread 42" [_thread_blocked, id=7856, stack(0x00000000252a0000,0x00000000253a0000)]
  0x000000001a10a000 JavaThread "jar transforms Thread 41" [_thread_blocked, id=11948, stack(0x00000000251a0000,0x00000000252a0000)]
  0x000000001a108800 JavaThread "jar transforms Thread 40" [_thread_blocked, id=14064, stack(0x00000000250a0000,0x00000000251a0000)]
  0x000000001a107800 JavaThread "jar transforms Thread 39" [_thread_blocked, id=9588, stack(0x0000000024fa0000,0x00000000250a0000)]
  0x000000001a109000 JavaThread "jar transforms Thread 38" [_thread_blocked, id=1736, stack(0x0000000024ea0000,0x0000000024fa0000)]
  0x000000001a10a800 JavaThread "jar transforms Thread 37" [_thread_blocked, id=8032, stack(0x0000000024da0000,0x0000000024ea0000)]
  0x000000001a107000 JavaThread "jar transforms Thread 36" [_thread_blocked, id=13260, stack(0x0000000024ca0000,0x0000000024da0000)]
  0x000000001bca4000 JavaThread "jar transforms Thread 35" [_thread_blocked, id=7444, stack(0x0000000024ba0000,0x0000000024ca0000)]
  0x000000001bca2800 JavaThread "jar transforms Thread 34" [_thread_blocked, id=4004, stack(0x0000000024aa0000,0x0000000024ba0000)]
  0x000000001bca2000 JavaThread "jar transforms Thread 33" [_thread_blocked, id=13076, stack(0x00000000249a0000,0x0000000024aa0000)]
  0x000000001bca5800 JavaThread "jar transforms Thread 32" [_thread_blocked, id=9612, stack(0x00000000248a0000,0x00000000249a0000)]
  0x000000001bca3800 JavaThread "jar transforms Thread 31" [_thread_blocked, id=11552, stack(0x00000000247a0000,0x00000000248a0000)]
  0x000000001bca5000 JavaThread "jar transforms Thread 30" [_thread_blocked, id=9288, stack(0x00000000246a0000,0x00000000247a0000)]
  0x000000001bc9b000 JavaThread "jar transforms Thread 29" [_thread_blocked, id=7948, stack(0x00000000245a0000,0x00000000246a0000)]
  0x000000001bca1000 JavaThread "jar transforms Thread 28" [_thread_blocked, id=4224, stack(0x00000000244a0000,0x00000000245a0000)]
  0x000000001bca0800 JavaThread "jar transforms Thread 27" [_thread_blocked, id=6180, stack(0x00000000243a0000,0x00000000244a0000)]
  0x000000001bc9f800 JavaThread "jar transforms Thread 26" [_thread_blocked, id=2784, stack(0x00000000242a0000,0x00000000243a0000)]
  0x000000001bc98000 JavaThread "jar transforms Thread 25" [_thread_blocked, id=14236, stack(0x00000000241a0000,0x00000000242a0000)]
  0x000000001bc99000 JavaThread "jar transforms Thread 24" [_thread_blocked, id=248, stack(0x00000000240a0000,0x00000000241a0000)]
  0x000000001bc9f000 JavaThread "jar transforms Thread 23" [_thread_blocked, id=14212, stack(0x0000000023fa0000,0x00000000240a0000)]
  0x000000001bc99800 JavaThread "jar transforms Thread 22" [_thread_blocked, id=336, stack(0x0000000023ea0000,0x0000000023fa0000)]
  0x000000001bc97800 JavaThread "jar transforms Thread 21" [_thread_blocked, id=9396, stack(0x0000000023da0000,0x0000000023ea0000)]
  0x000000001bc9a800 JavaThread "jar transforms Thread 20" [_thread_blocked, id=6448, stack(0x0000000023ca0000,0x0000000023da0000)]
  0x000000001bc9e000 JavaThread "jar transforms Thread 19" [_thread_blocked, id=12216, stack(0x0000000023ba0000,0x0000000023ca0000)]
  0x000000001bc96800 JavaThread "jar transforms Thread 18" [_thread_blocked, id=13940, stack(0x0000000023aa0000,0x0000000023ba0000)]
  0x000000001bc9c000 JavaThread "jar transforms Thread 17" [_thread_blocked, id=14072, stack(0x00000000239a0000,0x0000000023aa0000)]
  0x000000001bc9d800 JavaThread "jar transforms Thread 16" [_thread_blocked, id=6964, stack(0x00000000238a0000,0x00000000239a0000)]
  0x000000001bc9c800 JavaThread "jar transforms Thread 15" [_thread_blocked, id=11332, stack(0x00000000237a0000,0x00000000238a0000)]
  0x0000000019e83000 JavaThread "jar transforms Thread 14" [_thread_blocked, id=14252, stack(0x00000000236a0000,0x00000000237a0000)]
  0x0000000019e82000 JavaThread "jar transforms Thread 13" [_thread_blocked, id=4032, stack(0x00000000235a0000,0x00000000236a0000)]
  0x0000000019e86000 JavaThread "jar transforms Thread 12" [_thread_blocked, id=10172, stack(0x00000000234a0000,0x00000000235a0000)]
  0x0000000019e85000 JavaThread "jar transforms Thread 11" [_thread_blocked, id=1912, stack(0x00000000233a0000,0x00000000234a0000)]
  0x0000000019e81800 JavaThread "jar transforms Thread 10" [_thread_blocked, id=8904, stack(0x00000000231a0000,0x00000000232a0000)]
  0x0000000019e87800 JavaThread "jar transforms Thread 9" [_thread_blocked, id=5296, stack(0x00000000230a0000,0x00000000231a0000)]
  0x0000000019e83800 JavaThread "jar transforms Thread 8" [_thread_blocked, id=9604, stack(0x0000000022fa0000,0x00000000230a0000)]
  0x0000000019e84800 JavaThread "jar transforms Thread 7" [_thread_blocked, id=12508, stack(0x0000000022ea0000,0x0000000022fa0000)]
  0x0000000019e86800 JavaThread "jar transforms Thread 6" [_thread_blocked, id=7352, stack(0x0000000022da0000,0x0000000022ea0000)]
  0x0000000019e7a000 JavaThread "jar transforms Thread 5" [_thread_blocked, id=14208, stack(0x0000000022ca0000,0x0000000022da0000)]
  0x0000000019e7a800 JavaThread "jar transforms Thread 4" [_thread_blocked, id=3596, stack(0x0000000022ba0000,0x0000000022ca0000)]
  0x0000000019e80800 JavaThread "jar transforms Thread 3" [_thread_blocked, id=3944, stack(0x0000000022aa0000,0x0000000022ba0000)]
  0x0000000019e79000 JavaThread "jar transforms Thread 2" [_thread_blocked, id=11968, stack(0x00000000229a0000,0x0000000022aa0000)]
  0x0000000019e80000 JavaThread "Build operations Thread 4" [_thread_blocked, id=5456, stack(0x00000000228a0000,0x00000000229a0000)]
  0x0000000019e7f000 JavaThread "Build operations Thread 3" [_thread_blocked, id=6284, stack(0x00000000227a0000,0x00000000228a0000)]
  0x0000000019e7d000 JavaThread "Build operations Thread 2" [_thread_blocked, id=13736, stack(0x00000000226a0000,0x00000000227a0000)]
  0x0000000019e7d800 JavaThread "Build operations" [_thread_blocked, id=7456, stack(0x00000000225a0000,0x00000000226a0000)]
  0x0000000019e78800 JavaThread "Cache worker for file content cache (C:\Users\agbetofia\.gradle\caches\6.5\fileContent)" [_thread_blocked, id=5332, stack(0x0000000021ea0000,0x0000000021fa0000)]
  0x000000001aba1800 JavaThread "jar transforms" [_thread_blocked, id=6684, stack(0x0000000021da0000,0x0000000021ea0000)]
  0x000000001ab9d800 JavaThread "Cache worker for execution history cache (C:\Users\agbetofia\.gradle\caches\6.5\executionHistory)" [_thread_blocked, id=9576, stack(0x00000000206a0000,0x00000000207a0000)]
  0x000000001ab9d000 JavaThread "Cache worker for cache directory md-rule (C:\Users\agbetofia\.gradle\caches\6.5\md-rule)" [_thread_blocked, id=8924, stack(0x00000000205a0000,0x00000000206a0000)]
  0x000000001ab9c000 JavaThread "Cache worker for cache directory md-supplier (C:\Users\agbetofia\.gradle\caches\6.5\md-supplier)" [_thread_blocked, id=5180, stack(0x00000000204a0000,0x00000000205a0000)]
  0x000000001aba0800 JavaThread "Cache worker for checksums cache (C:\Users\agbetofia\AndroidStudioProjects\JAM\.gradle\checksums)" [_thread_blocked, id=9220, stack(0x00000000203a0000,0x00000000204a0000)]
  0x000000001ab9f000 JavaThread "Cache worker for file hash cache (C:\Users\agbetofia\AndroidStudioProjects\JAM\.gradle\6.5\fileHashes)" [_thread_blocked, id=5320, stack(0x00000000200a0000,0x00000000201a0000)]
  0x000000001ab9e800 JavaThread "Cache worker for file hash cache (C:\Users\agbetofia\.gradle\caches\6.5\fileHashes)" [_thread_blocked, id=3064, stack(0x000000001ebd0000,0x000000001ecd0000)]
  0x000000001aba0000 JavaThread "File lock request listener" [_thread_in_native, id=12492, stack(0x000000001db00000,0x000000001dc00000)]
  0x000000001aba3000 JavaThread "Cache worker for journal cache (C:\Users\agbetofia\.gradle\caches\journal-1)" [_thread_blocked, id=13560, stack(0x000000001da00000,0x000000001db00000)]
  0x000000001b651800 JavaThread "Thread-9" [_thread_blocked, id=12996, stack(0x000000001d700000,0x000000001d800000)]
  0x0000000019c02000 JavaThread "Stdin handler" [_thread_blocked, id=13456, stack(0x000000001d600000,0x000000001d700000)]
  0x0000000017c75800 JavaThread "Asynchronous log dispatcher for DefaultDaemonConnection: socket connection from /127.0.0.1:64991 to /127.0.0.1:64992" [_thread_blocked, id=5360, stack(0x000000001d500000,0x000000001d600000)]
  0x0000000019eb7800 JavaThread "Daemon worker" [_thread_blocked, id=13428, stack(0x000000001d400000,0x000000001d500000)]
  0x0000000019eb6800 JavaThread "Cancel handler" [_thread_blocked, id=11728, stack(0x000000001d300000,0x000000001d400000)]
  0x000000001b660800 JavaThread "Handler for socket connection from /127.0.0.1:64991 to /127.0.0.1:64992" [_thread_in_native, id=9632, stack(0x000000001d200000,0x000000001d300000)]
  0x000000001b660000 JavaThread "Daemon" [_thread_blocked, id=3476, stack(0x000000001d100000,0x000000001d200000)]
  0x000000001b65a000 JavaThread "Daemon periodic checks" [_thread_blocked, id=9696, stack(0x000000001ce00000,0x000000001cf00000)]
  0x000000001b5a2800 JavaThread "Incoming local TCP Connector on port 64991" [_thread_in_native, id=1260, stack(0x000000001cb90000,0x000000001cc90000)]
  0x000000001966d800 JavaThread "Daemon health stats" [_thread_blocked, id=5508, stack(0x000000001c550000,0x000000001c650000)]
  0x00000000195e0800 JavaThread "Service Thread" daemon [_thread_blocked, id=8312, stack(0x00000000199b0000,0x0000000019ab0000)]
  0x0000000017c4a000 JavaThread "C1 CompilerThread2" daemon [_thread_blocked, id=3504, stack(0x00000000194b0000,0x00000000195b0000)]
  0x0000000017c45000 JavaThread "C2 CompilerThread1" daemon [_thread_in_native, id=9400, stack(0x00000000193b0000,0x00000000194b0000)]
=>0x0000000017c33000 JavaThread "C2 CompilerThread0" daemon [_thread_in_native, id=12820, stack(0x00000000192b0000,0x00000000193b0000)]
  0x0000000017c38800 JavaThread "Attach Listener" daemon [_thread_blocked, id=752, stack(0x00000000191b0000,0x00000000192b0000)]
  0x0000000017c37000 JavaThread "Signal Dispatcher" daemon [_thread_blocked, id=11472, stack(0x00000000190b0000,0x00000000191b0000)]
  0x0000000002fdc800 JavaThread "Finalizer" daemon [_thread_blocked, id=4628, stack(0x0000000018e80000,0x0000000018f80000)]
  0x0000000017c19000 JavaThread "Reference Handler" daemon [_thread_blocked, id=4984, stack(0x0000000018d80000,0x0000000018e80000)]
  0x0000000002ede000 JavaThread "main" [_thread_blocked, id=6752, stack(0x0000000002dc0000,0x0000000002ec0000)]

Other Threads:
  0x0000000017bf6800 VMThread [stack: 0x0000000018c80000,0x0000000018d80000] [id=13320]
  0x0000000017c8d800 WatcherThread [stack: 0x0000000019ab0000,0x0000000019bb0000] [id=7424]

VM state:not at safepoint (normal execution)

VM Mutex/Monitor currently owned by a thread: None

heap address: 0x0000000080000000, size: 2048 MB, Compressed Oops mode: 32-bit
Narrow klass base: 0x0000000000000000, Narrow klass shift: 3
Compressed class space size: 1073741824 Address: 0x0000000100000000

Heap:
 PSYoungGen      total 366592K, used 30226K [0x00000000d5580000, 0x00000000f0680000, 0x0000000100000000)
  eden space 326144K, 2% used [0x00000000d5580000,0x00000000d5d14310,0x00000000e9400000)
  from space 40448K, 55% used [0x00000000e9400000,0x00000000ea9f0698,0x00000000ebb80000)
  to   space 30208K, 0% used [0x00000000ebb80000,0x00000000ebb80000,0x00000000ed900000)
 ParOldGen       total 217088K, used 118218K [0x0000000080000000, 0x000000008d400000, 0x00000000d5580000)
  object space 217088K, 54% used [0x0000000080000000,0x0000000087372998,0x000000008d400000)
 Metaspace       used 89254K, capacity 93510K, committed 93784K, reserved 1130496K
  class space    used 12044K, capacity 12860K, committed 12928K, reserved 1048576K

Card table byte_map: [0x00000000123a0000,0x00000000127b0000] byte_map_base: 0x0000000011fa0000

Marking Bits: (ParMarkBitMap*) 0x0000000076f2f030
 Begin Bits: [0x0000000012e60000, 0x0000000014e60000)
 End Bits:   [0x0000000014e60000, 0x0000000016e60000)

Polling page: 0x00000000014d0000

CodeCache: size=245760Kb used=36970Kb max_used=36983Kb free=208789Kb
 bounds [0x0000000002fe0000, 0x0000000005430000, 0x0000000011fe0000]
 total_blobs=12246 nmethods=11398 adapters=760
 compilation: enabled

Compilation events (10 events):
Event: 52.461 Thread 0x0000000017c45000 nmethod 13346 0x000000000541b710 code [0x000000000541b8c0, 0x000000000541bd70]
Event: 52.461 Thread 0x0000000017c45000 13350       4       com.android.tools.r8.graph.l0$l::equals (34 bytes)
Event: 52.462 Thread 0x0000000017c45000 nmethod 13350 0x0000000004337210 code [0x0000000004337340, 0x00000000043373d8]
Event: 52.467 Thread 0x0000000017c45000 13352       4       com.android.tools.r8.graph.l0$d::hashCode (8 bytes)
Event: 52.469 Thread 0x0000000017c45000 nmethod 13352 0x000000000541ca90 code [0x000000000541cbe0, 0x000000000541cd38]
Event: 52.470 Thread 0x0000000017c45000 13353       4       com.android.tools.r8.dex.r::a (115 bytes)
Event: 52.498 Thread 0x0000000017c4a000 13356       3       com.android.tools.r8.dex.t::a (44 bytes)
Event: 52.498 Thread 0x0000000017c4a000 nmethod 13356 0x000000000541b250 code [0x000000000541b3c0, 0x000000000541b648]
Event: 52.499 Thread 0x0000000017c4a000 13357       3       com.android.tools.r8.graph.i1::d (11 bytes)
Event: 52.499 Thread 0x0000000017c4a000 nmethod 13357 0x000000000541c710 code [0x000000000541c860, 0x000000000541c9d0]

GC Heap History (10 events):
Event: 31.567 GC heap before
{Heap before GC invocations=15 (full 3):
 PSYoungGen      total 205312K, used 192000K [0x00000000d5580000, 0x00000000e8380000, 0x0000000100000000)
  eden space 192000K, 100% used [0x00000000d5580000,0x00000000e1100000,0x00000000e1100000)
  from space 13312K, 0% used [0x00000000e1100000,0x00000000e1100000,0x00000000e1e00000)
  to   space 20480K, 0% used [0x00000000e6f80000,0x00000000e6f80000,0x00000000e8380000)
 ParOldGen       total 101888K, used 40034K [0x0000000080000000, 0x0000000086380000, 0x00000000d5580000)
  object space 101888K, 39% used [0x0000000080000000,0x00000000827188a0,0x0000000086380000)
 Metaspace       used 63762K, capacity 66572K, committed 66648K, reserved 1105920K
  class space    used 8757K, capacity 9304K, committed 9344K, reserved 1048576K
Event: 31.603 GC heap after
Heap after GC invocations=15 (full 3):
 PSYoungGen      total 273920K, used 16576K [0x00000000d5580000, 0x00000000e8000000, 0x0000000100000000)
  eden space 257024K, 0% used [0x00000000d5580000,0x00000000d5580000,0x00000000e5080000)
  from space 16896K, 98% used [0x00000000e6f80000,0x00000000e7fb0188,0x00000000e8000000)
  to   space 22016K, 0% used [0x00000000e5500000,0x00000000e5500000,0x00000000e6a80000)
 ParOldGen       total 101888K, used 40042K [0x0000000080000000, 0x0000000086380000, 0x00000000d5580000)
  object space 101888K, 39% used [0x0000000080000000,0x000000008271a8a0,0x0000000086380000)
 Metaspace       used 63762K, capacity 66572K, committed 66648K, reserved 1105920K
  class space    used 8757K, capacity 9304K, committed 9344K, reserved 1048576K
}
Event: 37.629 GC heap before
{Heap before GC invocations=16 (full 3):
 PSYoungGen      total 273920K, used 273600K [0x00000000d5580000, 0x00000000e8000000, 0x0000000100000000)
  eden space 257024K, 100% used [0x00000000d5580000,0x00000000e5080000,0x00000000e5080000)
  from space 16896K, 98% used [0x00000000e6f80000,0x00000000e7fb0188,0x00000000e8000000)
  to   space 22016K, 0% used [0x00000000e5500000,0x00000000e5500000,0x00000000e6a80000)
 ParOldGen       total 101888K, used 40042K [0x0000000080000000, 0x0000000086380000, 0x00000000d5580000)
  object space 101888K, 39% used [0x0000000080000000,0x000000008271a8a0,0x0000000086380000)
 Metaspace       used 79198K, capacity 82464K, committed 82648K, reserved 1120256K
  class space    used 10540K, capacity 11209K, committed 11264K, reserved 1048576K
Event: 37.686 GC heap after
Heap after GC invocations=16 (full 3):
 PSYoungGen      total 283648K, used 22003K [0x00000000d5580000, 0x00000000ed900000, 0x0000000100000000)
  eden space 261632K, 0% used [0x00000000d5580000,0x00000000d5580000,0x00000000e5500000)
  from space 22016K, 99% used [0x00000000e5500000,0x00000000e6a7cf18,0x00000000e6a80000)
  to   space 30208K, 0% used [0x00000000ebb80000,0x00000000ebb80000,0x00000000ed900000)
 ParOldGen       total 101888K, used 52428K [0x0000000080000000, 0x0000000086380000, 0x00000000d5580000)
  object space 101888K, 51% used [0x0000000080000000,0x0000000083333108,0x0000000086380000)
 Metaspace       used 79198K, capacity 82464K, committed 82648K, reserved 1120256K
  class space    used 10540K, capacity 11209K, committed 11264K, reserved 1048576K
}
Event: 40.528 GC heap before
{Heap before GC invocations=17 (full 3):
 PSYoungGen      total 283648K, used 283635K [0x00000000d5580000, 0x00000000ed900000, 0x0000000100000000)
  eden space 261632K, 100% used [0x00000000d5580000,0x00000000e5500000,0x00000000e5500000)
  from space 22016K, 99% used [0x00000000e5500000,0x00000000e6a7cf18,0x00000000e6a80000)
  to   space 30208K, 0% used [0x00000000ebb80000,0x00000000ebb80000,0x00000000ed900000)
 ParOldGen       total 101888K, used 52428K [0x0000000080000000, 0x0000000086380000, 0x00000000d5580000)
  object space 101888K, 51% used [0x0000000080000000,0x0000000083333108,0x0000000086380000)
 Metaspace       used 87524K, capacity 91738K, committed 91992K, reserved 1128448K
  class space    used 11842K, capacity 12648K, committed 12672K, reserved 1048576K
Event: 40.842 GC heap after
Heap after GC invocations=17 (full 3):
 PSYoungGen      total 356352K, used 30201K [0x00000000d5580000, 0x00000000f0680000, 0x0000000100000000)
  eden space 326144K, 0% used [0x00000000d5580000,0x00000000d5580000,0x00000000e9400000)
  from space 30208K, 99% used [0x00000000ebb80000,0x00000000ed8fe7e0,0x00000000ed900000)
  to   space 40448K, 0% used [0x00000000e9400000,0x00000000e9400000,0x00000000ebb80000)
 ParOldGen       total 101888K, used 66844K [0x0000000080000000, 0x0000000086380000, 0x00000000d5580000)
  object space 101888K, 65% used [0x0000000080000000,0x0000000084147258,0x0000000086380000)
 Metaspace       used 87524K, capacity 91738K, committed 91992K, reserved 1128448K
  class space    used 11842K, capacity 12648K, committed 12672K, reserved 1048576K
}
Event: 47.098 GC heap before
{Heap before GC invocations=18 (full 3):
 PSYoungGen      total 356352K, used 356345K [0x00000000d5580000, 0x00000000f0680000, 0x0000000100000000)
  eden space 326144K, 100% used [0x00000000d5580000,0x00000000e9400000,0x00000000e9400000)
  from space 30208K, 99% used [0x00000000ebb80000,0x00000000ed8fe7e0,0x00000000ed900000)
  to   space 40448K, 0% used [0x00000000e9400000,0x00000000e9400000,0x00000000ebb80000)
 ParOldGen       total 101888K, used 66844K [0x0000000080000000, 0x0000000086380000, 0x00000000d5580000)
  object space 101888K, 65% used [0x0000000080000000,0x0000000084147258,0x0000000086380000)
 Metaspace       used 89282K, capacity 93610K, committed 93784K, reserved 1130496K
  class space    used 12057K, capacity 12884K, committed 12928K, reserved 1048576K
Event: 47.936 GC heap after
Heap after GC invocations=18 (full 3):
 PSYoungGen      total 366592K, used 40426K [0x00000000d5580000, 0x00000000f0680000, 0x0000000100000000)
  eden space 326144K, 0% used [0x00000000d5580000,0x00000000d5580000,0x00000000e9400000)
  from space 40448K, 99% used [0x00000000e9400000,0x00000000ebb7a8a0,0x00000000ebb80000)
  to   space 30208K, 0% used [0x00000000ebb80000,0x00000000ebb80000,0x00000000ed900000)
 ParOldGen       total 118272K, used 117935K [0x0000000080000000, 0x0000000087380000, 0x00000000d5580000)
  object space 118272K, 99% used [0x0000000080000000,0x000000008732bc78,0x0000000087380000)
 Metaspace       used 89282K, capacity 93610K, committed 93784K, reserved 1130496K
  class space    used 12057K, capacity 12884K, committed 12928K, reserved 1048576K
}
Event: 47.936 GC heap before
{Heap before GC invocations=19 (full 4):
 PSYoungGen      total 366592K, used 40426K [0x00000000d5580000, 0x00000000f0680000, 0x0000000100000000)
  eden space 326144K, 0% used [0x00000000d5580000,0x00000000d5580000,0x00000000e9400000)
  from space 40448K, 99% used [0x00000000e9400000,0x00000000ebb7a8a0,0x00000000ebb80000)
  to   space 30208K, 0% used [0x00000000ebb80000,0x00000000ebb80000,0x00000000ed900000)
 ParOldGen       total 118272K, used 117935K [0x0000000080000000, 0x0000000087380000, 0x00000000d5580000)
  object space 118272K, 99% used [0x0000000080000000,0x000000008732bc78,0x0000000087380000)
 Metaspace       used 89282K, capacity 93610K, committed 93784K, reserved 1130496K
  class space    used 12057K, capacity 12884K, committed 12928K, reserved 1048576K
Event: 51.191 GC heap after
Heap after GC invocations=19 (full 4):
 PSYoungGen      total 366592K, used 22465K [0x00000000d5580000, 0x00000000f0680000, 0x0000000100000000)
  eden space 326144K, 0% used [0x00000000d5580000,0x00000000d5580000,0x00000000e9400000)
  from space 40448K, 55% used [0x00000000e9400000,0x00000000ea9f0698,0x00000000ebb80000)
  to   space 30208K, 0% used [0x00000000ebb80000,0x00000000ebb80000,0x00000000ed900000)
 ParOldGen       total 217088K, used 118218K [0x0000000080000000, 0x000000008d400000, 0x00000000d5580000)
  object space 217088K, 54% used [0x0000000080000000,0x0000000087372998,0x000000008d400000)
 Metaspace       used 89240K, capacity 93498K, committed 93784K, reserved 1130496K
  class space    used 12042K, capacity 12858K, committed 12928K, reserved 1048576K
}

Deoptimization events (10 events):
Event: 52.299 Thread 0x0000000021172000 Uncommon trap: reason=class_check action=maybe_recompile pc=0x000000000539639c method=com.android.tools.r8.t.a.a.a.h.N.a(Ljava/lang/Object;)I @ 35
Event: 52.302 Thread 0x0000000021172000 Uncommon trap: reason=class_check action=maybe_recompile pc=0x000000000539639c method=com.android.tools.r8.t.a.a.a.h.N.a(Ljava/lang/Object;)I @ 35
Event: 52.302 Thread 0x0000000021172000 Uncommon trap: reason=class_check action=maybe_recompile pc=0x000000000539639c method=com.android.tools.r8.t.a.a.a.h.N.a(Ljava/lang/Object;)I @ 35
Event: 52.302 Thread 0x0000000021172000 Uncommon trap: reason=class_check action=maybe_recompile pc=0x000000000539639c method=com.android.tools.r8.t.a.a.a.h.N.a(Ljava/lang/Object;)I @ 35
Event: 52.302 Thread 0x0000000021172000 Uncommon trap: reason=class_check action=maybe_recompile pc=0x000000000539b770 method=com.android.tools.r8.t.a.a.a.h.N.a(Ljava/lang/Object;)I @ 35
Event: 52.419 Thread 0x0000000021172000 Uncommon trap: reason=predicate action=maybe_recompile pc=0x000000000541fed4 method=com.android.tools.r8.t.a.a.a.h.N.a(Ljava/lang/Object;)I @ 99
Event: 52.497 Thread 0x0000000021172000 Uncommon trap: reason=bimorphic action=maybe_recompile pc=0x0000000005428a80 method=com.android.tools.r8.t.a.a.a.h.N.a(Ljava/lang/Object;)I @ 35
Event: 52.498 Thread 0x0000000021172000 Uncommon trap: reason=bimorphic action=maybe_recompile pc=0x0000000005428a80 method=com.android.tools.r8.t.a.a.a.h.N.a(Ljava/lang/Object;)I @ 35
Event: 52.498 Thread 0x0000000021172000 Uncommon trap: reason=bimorphic action=maybe_recompile pc=0x0000000005428a80 method=com.android.tools.r8.t.a.a.a.h.N.a(Ljava/lang/Object;)I @ 35
Event: 52.498 Thread 0x0000000021172000 Uncommon trap: reason=bimorphic action=maybe_recompile pc=0x0000000005428a80 method=com.android.tools.r8.t.a.a.a.h.N.a(Ljava/lang/Object;)I @ 35

Classes redefined (0 events):
No events

Internal exceptions (10 events):
Event: 40.087 Thread 0x0000000021168000 Exception <a 'sun/nio/fs/WindowsException'> (0x00000000e4087200) thrown at [C:\src\AOSP-openjdk-git\hotspot\src\share\vm\prims\jni.cpp, line 710]
Event: 40.090 Thread 0x0000000021168000 Exception <a 'sun/nio/fs/WindowsException'> (0x00000000e408dcb8) thrown at [C:\src\AOSP-openjdk-git\hotspot\src\share\vm\prims\jni.cpp, line 710]
Event: 40.092 Thread 0x0000000021168000 Exception <a 'sun/nio/fs/WindowsException'> (0x00000000e4094718) thrown at [C:\src\AOSP-openjdk-git\hotspot\src\share\vm\prims\jni.cpp, line 710]
Event: 40.099 Thread 0x0000000021168000 Exception <a 'sun/nio/fs/WindowsException'> (0x00000000e40aa030) thrown at [C:\src\AOSP-openjdk-git\hotspot\src\share\vm\prims\jni.cpp, line 710]
Event: 41.027 Thread 0x000000002116b000 Exception <a 'java/lang/NoSuchMethodError': <clinit>> (0x00000000d610e7c0) thrown at [C:\src\AOSP-openjdk-git\hotspot\src\share\vm\prims\jni.cpp, line 1615]
Event: 41.028 Thread 0x000000002116b000 Exception <a 'java/lang/NoSuchMethodError': <clinit>> (0x00000000d6121e78) thrown at [C:\src\AOSP-openjdk-git\hotspot\src\share\vm\prims\jni.cpp, line 1615]
Event: 42.482 Thread 0x000000002116f800 Exception <a 'sun/nio/fs/WindowsException'> (0x00000000d71ee440) thrown at [C:\src\AOSP-openjdk-git\hotspot\src\share\vm\prims\jni.cpp, line 710]
Event: 43.483 Thread 0x000000002116d800 Implicit null exception at 0x000000000342e12f to 0x000000000342e221
Event: 46.163 Thread 0x0000000021172000 Implicit null exception at 0x00000000051b8f21 to 0x00000000051b9182
Event: 46.189 Thread 0x0000000021172000 Implicit null exception at 0x0000000004f7884f to 0x0000000004f789bd

Events (10 events):
Event: 52.498 Thread 0x0000000021172000 DEOPT UNPACKING pc=0x000000000302557b sp=0x000000002efbe098 mode 2
Event: 52.498 Thread 0x0000000021172000 Uncommon trap: trap_request=0xffffffc6 fr.pc=0x0000000005428a80
Event: 52.498 Thread 0x0000000021172000 DEOPT PACKING pc=0x0000000005428a80 sp=0x000000002efbe130
Event: 52.498 Thread 0x0000000021172000 DEOPT UNPACKING pc=0x000000000302557b sp=0x000000002efbe098 mode 2
Event: 52.498 Thread 0x0000000021172000 Uncommon trap: trap_request=0xffffffc6 fr.pc=0x0000000005428a80
Event: 52.498 Thread 0x0000000021172000 DEOPT PACKING pc=0x0000000005428a80 sp=0x000000002efbe130
Event: 52.498 Thread 0x0000000021172000 DEOPT UNPACKING pc=0x000000000302557b sp=0x000000002efbe098 mode 2
Event: 52.498 Thread 0x0000000021172000 Uncommon trap: trap_request=0xffffffc6 fr.pc=0x0000000005428a80
Event: 52.498 Thread 0x0000000021172000 DEOPT PACKING pc=0x0000000005428a80 sp=0x000000002efbe130
Event: 52.498 Thread 0x0000000021172000 DEOPT UNPACKING pc=0x000000000302557b sp=0x000000002efbe098 mode 2


Dynamic libraries:
0x00007ff72c5c0000 - 0x00007ff72c5f1000 	C:\Program Files\Android\Android Studio\jre\bin\java.exe
0x00007ffbf36d0000 - 0x00007ffbf38c5000 	C:\WINDOWS\SYSTEM32\ntdll.dll
0x00007ffbf2220000 - 0x00007ffbf22dd000 	C:\WINDOWS\System32\KERNEL32.DLL
0x00007ffbf0e10000 - 0x00007ffbf10d9000 	C:\WINDOWS\System32\KERNELBASE.dll
0x00007ffbf33f0000 - 0x00007ffbf349c000 	C:\WINDOWS\System32\ADVAPI32.dll
0x00007ffbf2340000 - 0x00007ffbf23de000 	C:\WINDOWS\System32\msvcrt.dll
0x00007ffbf2d10000 - 0x00007ffbf2dac000 	C:\WINDOWS\System32\sechost.dll
0x00007ffbf1830000 - 0x00007ffbf195b000 	C:\WINDOWS\System32\RPCRT4.dll
0x00007ffbf28f0000 - 0x00007ffbf2a90000 	C:\WINDOWS\System32\USER32.dll
0x00007ffbf1590000 - 0x00007ffbf15b2000 	C:\WINDOWS\System32\win32u.dll
0x00007ffbf1800000 - 0x00007ffbf182a000 	C:\WINDOWS\System32\GDI32.dll
0x00007ffbf10e0000 - 0x00007ffbf11eb000 	C:\WINDOWS\System32\gdi32full.dll
0x00007ffbf15c0000 - 0x00007ffbf165d000 	C:\WINDOWS\System32\msvcp_win.dll
0x00007ffbf11f0000 - 0x00007ffbf12f0000 	C:\WINDOWS\System32\ucrtbase.dll
0x00007ffbde660000 - 0x00007ffbde8fa000 	C:\WINDOWS\WinSxS\amd64_microsoft.windows.common-controls_6595b64144ccf1df_6.0.19041.844_none_ca00b6081b84eb1d\COMCTL32.dll
0x00007ffbf2b40000 - 0x00007ffbf2b70000 	C:\WINDOWS\System32\IMM32.DLL
0x00000000772f0000 - 0x00000000773c2000 	C:\Program Files\Android\Android Studio\jre\jre\bin\msvcr100.dll
0x0000000076760000 - 0x0000000076fab000 	C:\Program Files\Android\Android Studio\jre\jre\bin\server\jvm.dll
0x00007ffbf19c0000 - 0x00007ffbf19c8000 	C:\WINDOWS\System32\PSAPI.DLL
0x00007ffbdccb0000 - 0x00007ffbdccb9000 	C:\WINDOWS\SYSTEM32\WSOCK32.dll
0x00007ffbf21a0000 - 0x00007ffbf220b000 	C:\WINDOWS\System32\WS2_32.dll
0x00007ffbdfd70000 - 0x00007ffbdfd97000 	C:\WINDOWS\SYSTEM32\WINMM.dll
0x00007ffbe5930000 - 0x00007ffbe593a000 	C:\WINDOWS\SYSTEM32\VERSION.dll
0x00007ffbdd2a0000 - 0x00007ffbdd2af000 	C:\Program Files\Android\Android Studio\jre\jre\bin\verify.dll
0x00007ffb9ea00000 - 0x00007ffb9ea29000 	C:\Program Files\Android\Android Studio\jre\jre\bin\java.dll
0x00007ffbd5530000 - 0x00007ffbd5546000 	C:\Program Files\Android\Android Studio\jre\jre\bin\zip.dll
0x00007ffbf19d0000 - 0x00007ffbf2112000 	C:\WINDOWS\System32\SHELL32.dll
0x00007ffbeee20000 - 0x00007ffbef5b0000 	C:\WINDOWS\SYSTEM32\windows.storage.dll
0x00007ffbf23e0000 - 0x00007ffbf2735000 	C:\WINDOWS\System32\combase.dll
0x00007ffbf0880000 - 0x00007ffbf08ac000 	C:\WINDOWS\SYSTEM32\Wldp.dll
0x00007ffbf34a0000 - 0x00007ffbf354e000 	C:\WINDOWS\System32\SHCORE.dll
0x00007ffbf22e0000 - 0x00007ffbf2335000 	C:\WINDOWS\System32\shlwapi.dll
0x00007ffbf0d50000 - 0x00007ffbf0d6f000 	C:\WINDOWS\SYSTEM32\profapi.dll
0x00007ffbc8680000 - 0x00007ffbc869a000 	C:\Program Files\Android\Android Studio\jre\jre\bin\net.dll
0x00007ffbf0600000 - 0x00007ffbf066a000 	C:\WINDOWS\system32\mswsock.dll
0x00007ffb9eab0000 - 0x00007ffb9eac3000 	C:\Program Files\Android\Android Studio\jre\jre\bin\nio.dll
0x00007ffbd6100000 - 0x00007ffbd6127000 	C:\Users\agbetofia\.gradle\native\f6784746aeab05261644944871eae4fe03e0ef1612fff0a4a95f87b438bc6780\windows-amd64\native-platform.dll
0x00007ffbcc890000 - 0x00007ffbcc89d000 	C:\Program Files\Android\Android Studio\jre\jre\bin\management.dll
0x00007ffbf07e0000 - 0x00007ffbf07f8000 	C:\WINDOWS\SYSTEM32\CRYPTSP.dll
0x00007ffbefe20000 - 0x00007ffbefe54000 	C:\WINDOWS\system32\rsaenh.dll
0x00007ffbf1400000 - 0x00007ffbf1427000 	C:\WINDOWS\System32\bcrypt.dll
0x00007ffbf0d10000 - 0x00007ffbf0d3e000 	C:\WINDOWS\SYSTEM32\USERENV.dll
0x00007ffbf1660000 - 0x00007ffbf16e0000 	C:\WINDOWS\System32\bcryptprimitives.dll
0x00007ffbf07d0000 - 0x00007ffbf07dc000 	C:\WINDOWS\SYSTEM32\CRYPTBASE.dll
0x00007ffbf02a0000 - 0x00007ffbf02db000 	C:\WINDOWS\SYSTEM32\IPHLPAPI.DLL
0x00007ffbf2210000 - 0x00007ffbf2218000 	C:\WINDOWS\System32\NSI.dll
0x00007ffbe9360000 - 0x00007ffbe9377000 	C:\WINDOWS\SYSTEM32\dhcpcsvc6.DLL
0x00007ffbe8f70000 - 0x00007ffbe8f8d000 	C:\WINDOWS\SYSTEM32\dhcpcsvc.DLL
0x00007ffbf02f0000 - 0x00007ffbf03bb000 	C:\WINDOWS\SYSTEM32\DNSAPI.dll
0x00007ffbeac40000 - 0x00007ffbeac4b000 	C:\WINDOWS\SYSTEM32\WINNSI.DLL
0x0000000066e00000 - 0x0000000066f03000 	C:\Users\agbetofia\AppData\Local\Temp\sqlite-3.25.2-5662b5a1-b5cc-4d5e-ad8d-3bfd46c08491-sqlitejdbc.dll

VM Arguments:
jvm_args: -Xmx2048m -Dfile.encoding=UTF-8 -Duser.country=CA -Duser.language=fr -Duser.variant 
java_command: org.gradle.launcher.daemon.bootstrap.GradleDaemon 6.5
java_class_path (initial): C:\Users\agbetofia\.gradle\wrapper\dists\gradle-6.5-all\2oz4ud9k3tuxjg84bbf55q0tn\gradle-6.5\lib\gradle-launcher-6.5.jar
Launcher Type: SUN_STANDARD

Environment Variables:
PATH=C:\Program Files\Common Files\Oracle\Java\javapath;C:\Program Files (x86)\Intel\iCLS Client\;C:\Program Files\Intel\iCLS Client\;C:\WINDOWS\system32;C:\WINDOWS;C:\WINDOWS\System32\Wbem;C:\WINDOWS\System32\WindowsPowerShell\v1.0\;C:\WINDOWS\System32\OpenSSH\;C:\Program Files (x86)\Intel\Intel(R) Management Engine Components\DAL;C:\Program Files\Intel\Intel(R) Management Engine Components\DAL;C:\Program Files (x86)\Intel\Intel(R) Management Engine Components\IPT;C:\Program Files\Intel\Intel(R) Management Engine Components\IPT;C:\Program Files\Intel\WiFi\bin\;C:\Program Files (x86)\2JPEG;C:\Users\agbetofia\AppData\Local\Android\Sdk\platform-tools;C:\Users\agbetofia\AppData\Local\Android\Sdk\tools;C:\Users\agbetofia\AppData\Local\Microsoft\WindowsApps;C:\Program Files (x86)\2JPEG;
USERNAME=agbetofia
OS=Windows_NT
PROCESSOR_IDENTIFIER=Intel64 Family 6 Model 61 Stepping 4, GenuineIntel



---------------  S Y S T E M  ---------------

OS: Windows 10.0 , 64 bit Build 19041 (10.0.19041.804)

CPU:total 4 (initial active 4) (2 cores per cpu, 2 threads per core) family 6 model 61 stepping 4, cmov, cx8, fxsr, mmx, sse, sse2, sse3, ssse3, sse4.1, sse4.2, popcnt, avx, avx2, aes, clmul, erms, rtm, 3dnowpref, lzcnt, ht, tsc, tscinvbit, bmi1, bmi2, adx

Memory: 4k page, physical 8277408k(475808k free), swap 12471712k(11224k free)

vm_info: OpenJDK 64-Bit Server VM (25.242-b01) for windows-amd64 JRE (1.8.0_242-release-1644-b01), built by "builder" with MS VC++ 10.0 (VS2010)

time: Mon Mar 22 10:27:29 2021
timezone: Est (heure d’été)
elapsed time: 52 seconds (0d 0h 0m 52s)

